Vertices: 2394385
Edges: 5021410
Elapsed time for processing: 418.7485749721527 secs.
Number of superbubbles found: 4737.
<1000229,1621777>
<1000360,1000361>
<1000446,1000447>
<1000774,1345859>
<1000923,1000924>
<1001513,1025438>
<1001592,1001593>
<1002305,1002306>
<1002375,984772>
<1002989,1019696>
<1003175,1003176>
<1003976,1003977>
<1004369,1685675>
<1004392,1004393>
<1004613,180222>
<1004808,1029443>
<1005479,1965753>
<1005706,1005707>
<1006165,2199192>
<1006570,1006571>
<100685,201727>
<1006936,1006937>
<1007111,1007112>
<1008303,1008304>
<1008937,1008938>
<1009167,1009168>
<1011426,1011427>
<1011510,1036722>
<1011725,1011726>
<1012023,1012024>
<1013403,1092501>
<1013878,1083762>
<1014520,1014521>
<101612,810401>
<1016353,1016380>
<1017540,1017541>
<1017915,1017916>
<1018570,1018571>
<1018648,1018649>
<1018858,1018859>
<1018947,1018948>
<1019164,1019165>
<1019196,1019443>
<1019393,724967>
<1019787,1019792>
<1019990,1111543>
<1020297,1020298>
<1020418,1020419>
<1020781,1020782>
<1021027,1021028>
<1021194,1711434>
<1021992,1073739>
<1022033,1022034>
<1022746,1022747>
<1023356,1023357>
<1023423,1023468>
<1023462,1023463>
<1023541,1023542>
<1024098,2292490>
<1024234,1024235>
<1024276,1625604>
<1024717,1024718>
<1024718,1025068>
<1024894,1024895>
<1025055,1025056>
<1025357,1025358>
<1025687,1025688>
<1027228,1027229>
<1027299,1239132>
<1027758,1027759>
<1027998,1027999>
<1028078,1028079>
<1028135,1028136>
<1028201,1028202>
<1028345,1028346>
<1028589,1042270>
<1028765,1581163>
<102897,102898>
<1029054,1029055>
<102919,835595>
<1030763,1600715>
<103090,1171476>
<1031148,1031149>
<1031613,1181662>
<1031932,1031933>
<1032027,1032028>
<1032037,1032038>
<1032686,1032687>
<1032884,1032885>
<1033163,1048181>
<1033244,1033245>
<1033979,1033980>
<1034055,1058539>
<1034721,1034722>
<1035302,1035535>
<1035482,1035483>
<1035885,1491514>
<1035976,1035977>
<1036610,1615841>
<1036822,1036823>
<1037196,1770304>
<1037291,1037292>
<1037357,1037358>
<1038163,1038164>
<1038364,1038365>
<1038648,1038649>
<1039038,1039039>
<1039069,1555405>
<1039171,1039172>
<1039234,1045407>
<1039404,1666729>
<1040213,1598138>
<1040753,1040754>
<1040768,1290278>
<1040867,1164373>
<104111,118799>
<1041457,2283648>
<1041648,1041649>
<1041761,1689432>
<1042170,1042171>
<1042480,1042481>
<1042584,1042585>
<1043635,1043636>
<1043725,1193076>
<1043916,1101070>
<1044192,1519938>
<1044221,1044245>
<1044749,1407593>
<1044942,1044943>
<1044948,1044949>
<1045622,1049272>
<1045745,1383833>
<1046352,1046353>
<1046663,1193958>
<104676,1284173>
<1047256,1705526>
<1048168,1048169>
<1049229,1049310>
<1049237,1049238>
<1049300,1049301>
<1049546,297378>
<1050052,1050053>
<1050186,1180575>
<1050320,1050321>
<1050382,1050383>
<1050748,2317245>
<1050756,1050757>
<1050916,1050917>
<1051232,1054872>
<1051669,1051670>
<1052131,1052132>
<1052222,1200030>
<105251,105252>
<1052652,1052653>
<1053586,1053587>
<1053858,1334822>
<1053860,1053861>
<1054244,1054245>
<1054757,1054758>
<1054940,1054941>
<1054973,1054974>
<1055130,1055131>
<1055642,1055643>
<1055933,1910368>
<1056345,1056346>
<1056349,2145714>
<1057919,1057920>
<1057979,1066514>
<1057984,1057985>
<1058111,1058112>
<1058243,1058244>
<1058449,1058450>
<1058610,1490109>
<1058646,1058647>
<1059897,1059898>
<1060059,1060060>
<1062018,1062019>
<1063125,1063126>
<1063492,1063493>
<1063495,2241802>
<1065044,1065045>
<1065059,1065060>
<1065530,1065531>
<106559,106560>
<1065773,1065774>
<1066081,2158053>
<1066120,1066121>
<1066239,1066240>
<1066730,1066731>
<1066872,1066873>
<1066878,1066879>
<1066933,1066934>
<106748,106749>
<1067837,1067838>
<1068024,1342840>
<1068599,1896683>
<1068987,1068988>
<106930,741915>
<1069321,1069322>
<1069891,1069736>
<1069993,1069994>
<1070219,1070220>
<1070484,963734>
<107123,107124>
<1071589,1071590>
<1071806,1076587>
<1071998,1071999>
<1072636,1353625>
<1072880,1472703>
<107326,1173575>
<1073982,1158568>
<1074179,1301033>
<1074273,1074274>
<1074869,1081307>
<1075783,1075784>
<1076045,1574766>
<1076143,1454175>
<1076459,1076460>
<1076662,1076663>
<1076847,1356195>
<1077377,1079105>
<107785,1264380>
<1078261,890360>
<1078436,1078437>
<1078740,2142180>
<1078963,1327327>
<1079421,2243785>
<1079796,1079797>
<107997,2011074>
<1080002,1080003>
<1080138,1080139>
<1080146,1080147>
<1080332,1080333>
<1080620,1606917>
<1080685,1080686>
<1080907,1080908>
<1081476,1088960>
<1081962,1196122>
<1082622,1082623>
<1082817,1082818>
<1083969,1151526>
<1086836,1492905>
<108744,897824>
<108757,108758>
<1088053,1088054>
<1088086,1088087>
<1088296,1088297>
<1088781,1158883>
<1089602,1089603>
<1090330,1090345>
<1090489,1090490>
<109121,111404>
<109150,109151>
<1091780,1091781>
<1092377,1644949>
<1092457,1092458>
<1092881,1092882>
<1093785,1093786>
<1093880,1771017>
<1094283,1142161>
<1094569,1094570>
<1095035,1095036>
<1095339,1095340>
<1095912,1104888>
<1096015,1096016>
<1096154,1096155>
<1096732,1096733>
<1096973,1096974>
<1097034,1097035>
<109715,109716>
<1097314,1097315>
<1098081,1148231>
<1098556,2357776>
<1098571,1098572>
<109955,394562>
<1099616,1099617>
<1100397,1102553>
<1100415,1100416>
<110054,110055>
<1100598,1100599>
<1101063,1101064>
<1101494,1101495>
<110155,110204>
<1101590,1101591>
<110239,2520>
<1102475,1394886>
<1103381,1545602>
<1103575,1103576>
<1103948,1108906>
<1103961,1103962>
<110477,115971>
<1105834,1105845>
<110646,110647>
<1110326,1110327>
<1110547,1110548>
<1111437,1111438>
<1111524,1111525>
<1112165,1193420>
<1112389,1669314>
<1112527,1450014>
<1112787,1112788>
<1113059,1158054>
<1113694,1113695>
<1113951,1113952>
<1114001,1114002>
<1114636,1372574>
<1114964,2187071>
<1115843,1115844>
<1115865,1115866>
<1115889,1118994>
<1115975,1241979>
<1116232,2343454>
<111642,327312>
<1116498,1116499>
<1116888,1116889>
<1117139,1182754>
<1118362,1118363>
<1118421,1118422>
<1118819,1118820>
<1119141,1119142>
<1119282,1667850>
<111931,111932>
<1119491,1119492>
<1119795,1119796>
<1119833,1119834>
<1121051,1121052>
<1121469,1925746>
<1121509,1574406>
<1122009,1122010>
<1122717,1159372>
<1122808,1354102>
<1122931,1482594>
<1123078,1123079>
<1123600,1739348>
<1123618,1123619>
<112412,799949>
<1124517,1124518>
<1127548,1127549>
<1127733,1191170>
<1128850,1128851>
<1128887,1128888>
<1129002,1129003>
<1129147,1129148>
<1129477,1129478>
<1129862,1383318>
<1130329,1130330>
<113067,113068>
<1131573,1131574>
<113207,113208>
<113213,113214>
<1133151,1184232>
<1135497,1135498>
<1135709,1135710>
<1136219,2194588>
<1136222,1136223>
<1136438,1719659>
<1136532,1204358>
<1136669,1136670>
<1136948,1136949>
<1137990,1233543>
<11384,11385>
<1139590,1139591>
<1140866,1141177>
<1141397,1141398>
<114161,153831>
<1141898,1141899>
<1142042,1222469>
<1142375,1142376>
<1142500,1142501>
<1143224,1854905>
<1143495,1143496>
<1143995,1143996>
<1144399,1144400>
<1146061,1148178>
<1146350,1146351>
<1146846,1146847>
<1146851,1146852>
<1148698,1148699>
<114947,127081>
<1149995,1149996>
<1150582,1150583>
<1151536,1257183>
<1151567,1151568>
<1151573,1151574>
<115168,1562434>
<1151808,1195296>
<1151993,1228048>
<1152167,1214705>
<1152243,1154732>
<1152464,1152465>
<1153272,1540490>
<1153545,1239089>
<1154259,1154260>
<115427,118575>
<1154550,1154551>
<1154812,1216617>
<115512,115513>
<1155388,1155389>
<1155466,1171439>
<1156068,1350833>
<1156459,1156460>
<1156516,1157874>
<1157333,1157334>
<1157400,1207878>
<1157495,1157496>
<1158298,1452794>
<1158398,1158399>
<1159259,1159260>
<115959,115960>
<115981,115982>
<1159856,1159857>
<1159973,1127293>
<1160150,1666600>
<1160520,1160521>
<1161307,1161308>
<1161402,1161403>
<1161453,2000770>
<1161702,2073704>
<1162310,1381069>
<1163091,1181205>
<1163221,2167097>
<116330,116331>
<1163473,1163474>
<1163700,2144635>
<1164512,1164513>
<1164724,1394623>
<1164822,1164823>
<1164928,1168471>
<1165281,1165282>
<1165396,1165397>
<116569,132420>
<1166410,1166411>
<1167369,1167370>
<1167442,1167443>
<1167734,1167735>
<1168189,1168190>
<1168534,1168535>
<1171241,1171242>
<1171413,1171414>
<1171471,1224433>
<1171494,1438962>
<1171582,1171583>
<1171592,1171593>
<1171636,1171637>
<1171687,1171688>
<1172134,1172135>
<1172423,1172424>
<1172599,1172600>
<1172914,1172915>
<1172947,1196120>
<1173166,1173167>
<1173879,1173880>
<1173985,1173986>
<1174798,2283702>
<1174876,1174877>
<1175000,1175001>
<117505,971168>
<1175728,1324648>
<1175818,1175819>
<1176513,1176514>
<1176643,1176644>
<1177793,1177794>
<1178082,1178083>
<1178351,1178352>
<1178524,1178525>
<1178992,1179005>
<1180271,1295936>
<118074,248480>
<1180828,1935914>
<1180972,1192196>
<1181620,1181621>
<1181678,1181679>
<1181705,1971604>
<1182383,1182384>
<1182490,1185598>
<1182751,1307572>
<1182877,1182878>
<1183455,1183456>
<1183633,1183634>
<1184278,1184279>
<1184290,1185270>
<1184364,1184365>
<1184711,1184712>
<1185158,1222304>
<1185256,1198992>
<118563,118564>
<1185691,1185692>
<1185925,1185926>
<1187006,1187007>
<1187401,1187402>
<1187479,1187480>
<1187676,1516735>
<1187705,1187706>
<1188063,1400201>
<1188637,1188638>
<118967,118968>
<1189700,1189701>
<1189892,1189893>
<1190609,1190610>
<1190716,1171022>
<1190822,1190823>
<1190933,1190934>
<1191255,1191256>
<1191862,1291552>
<1192450,1192451>
<1193168,1193169>
<1194023,1194024>
<1194942,1588586>
<1195178,1195179>
<1195224,1195225>
<1195261,1195262>
<1195705,1195706>
<1196128,1197191>
<1196195,1196196>
<1196391,1196396>
<1196406,1196407>
<1197710,1414508>
<1197905,1197906>
<1198001,1213980>
<1198067,1198068>
<1198500,1198501>
<1198884,1198885>
<1198995,1198996>
<1199212,1199213>
<119974,932880>
<1200230,1509084>
<1201390,1201391>
<1201531,1260142>
<1201609,1795550>
<1201882,1201883>
<1201934,1201935>
<1202008,1263052>
<120231,1237913>
<1202541,1202542>
<1203040,1203041>
<1203091,1231194>
<1203779,1203780>
<1204032,1733175>
<1204924,1205324>
<1205178,1139596>
<1205339,1205340>
<1205376,1226525>
<1205711,1205712>
<1205797,1205798>
<1206056,1206057>
<1206161,1206162>
<1206170,1206171>
<1206172,1206173>
<1206312,1206313>
<1206409,2174817>
<1206756,1206757>
<1206841,1206842>
<1206919,1206931>
<1206983,1206984>
<120700,120701>
<1207949,1207950>
<1209876,1687601>
<1210849,1448166>
<1210889,1210890>
<1210946,1210952>
<1211129,1211130>
<1211524,1236209>
<1211967,1211968>
<121208,121209>
<1212830,1216696>
<1212936,1421181>
<1212965,1212966>
<121328,121329>
<1213369,1213370>
<1213477,1074127>
<1213638,1213639>
<121381,130944>
<1213825,1213826>
<1214017,1235569>
<1214199,1214200>
<1214835,1220377>
<1214996,1214997>
<1215643,1215847>
<1215797,1215798>
<1216346,1392823>
<121703,121704>
<121710,130890>
<1217202,1217203>
<1217523,1214793>
<1217620,1217621>
<1217992,1217993>
<1218445,1218446>
<1218684,1218685>
<1218896,1784178>
<1219412,1219413>
<1220039,1220040>
<1220182,1583761>
<1220286,1220287>
<1221044,1221045>
<1221210,1221211>
<12214,12215>
<1221838,1221839>
<1221890,1221891>
<1222148,1369938>
<1222260,1222261>
<1222600,1222601>
<1222664,1748482>
<1223387,1226020>
<1224054,1224055>
<1224325,1224339>
<1224431,1339003>
<1224436,1224454>
<1226105,1226106>
<1226618,1226619>
<1226839,1226840>
<1226967,1355713>
<1227083,1227084>
<1227140,1227141>
<1227445,1396242>
<1227546,1227547>
<1227865,1227866>
<1227992,1227993>
<1228016,1228017>
<1228063,1228064>
<1228188,1228189>
<1228218,1228219>
<1229108,1550377>
<1229861,1232966>
<1230032,1230033>
<1230073,1339646>
<1230595,1230596>
<1230672,1428498>
<1230891,1230892>
<1231249,1231250>
<1231465,1231466>
<1231507,1231605>
<1231843,1231844>
<1232016,1240405>
<1233966,1233967>
<1234158,2109717>
<1234504,1234505>
<1234676,1301307>
<1234702,1234703>
<1234942,1234943>
<1235010,1235011>
<123521,123522>
<1235718,1235719>
<123646,127702>
<1236587,1236588>
<1237019,1237020>
<1238426,1238871>
<1238620,1238621>
<1238945,1238946>
<1239255,1239256>
<1239535,1239536>
<1239601,1239602>
<1239900,1239901>
<1240475,1240476>
<1240805,1263091>
<1240811,1240812>
<1240914,1240915>
<1241448,1241449>
<1241504,1241505>
<1242109,1242110>
<12424,1643659>
<1242628,1242629>
<1242727,1242728>
<124387,124388>
<1243885,1243886>
<1244138,1557515>
<1244669,1244670>
<1244920,1245314>
<1244961,1244962>
<1245100,1245101>
<1245379,1245380>
<1245528,1245529>
<1245943,1253898>
<1246150,1246151>
<124623,124624>
<1246265,1242934>
<1246620,1246621>
<124739,124740>
<1247391,1247392>
<1247532,2010508>
<1247909,1247910>
<1248414,1248424>
<1248980,1248981>
<124914,124915>
<1249472,1249473>
<1249853,1873808>
<124986,708140>
<1250070,1196563>
<1250201,1250202>
<1250291,1250292>
<1250783,1250784>
<1250893,1269973>
<1251079,1328255>
<1251457,1251458>
<125152,1972979>
<1252109,1252110>
<1252210,1288320>
<1252476,1252477>
<125262,1528208>
<1252939,1252940>
<1253036,2186156>
<1253057,1253058>
<1253569,1253570>
<1253571,1253572>
<1253787,1253788>
<1254794,1254795>
<1254931,1254932>
<1255148,1255149>
<1255678,2371993>
<125642,125643>
<12566,12567>
<1256819,1256820>
<1257432,1294283>
<1258044,1258045>
<1258096,1258097>
<1258308,1258309>
<1258677,1258678>
<1260160,1260161>
<1260491,1260492>
<1260695,1260696>
<1260743,1260744>
<1260857,1260858>
<1261464,1261465>
<1261909,1261910>
<1262188,1262189>
<1262236,1692335>
<1262415,1266829>
<1262425,1262426>
<1262545,1262546>
<1262860,1262861>
<1263152,1263153>
<1263325,1263326>
<1263737,1263738>
<1264048,1264049>
<1264201,1379059>
<1264251,1264252>
<1264751,1264752>
<126520,126521>
<1265202,1265203>
<1265240,1277355>
<1265338,1299327>
<1265541,1265542>
<1265788,1275771>
<126588,126589>
<1265934,1265935>
<1266095,1266096>
<1266348,1266349>
<1266693,1676252>
<1266776,1269392>
<1266991,1266992>
<1267194,1267195>
<1267487,1787665>
<1267543,1267550>
<1267869,1267870>
<1268599,1331221>
<1268713,1268714>
<1268810,1268811>
<1268864,1277094>
<126922,126923>
<1269412,1269413>
<1269920,1269921>
<1270155,1290627>
<127019,493551>
<1270475,1270476>
<127083,127084>
<127169,127170>
<1272048,1663082>
<1272064,1272082>
<1272340,2335522>
<1272851,1272852>
<1272866,1272867>
<1273021,1273022>
<1273499,1273500>
<1274266,1274267>
<1274335,1274336>
<1275149,1275150>
<1275212,1275213>
<127584,1868103>
<1275988,1275989>
<1276197,1276198>
<1276337,1374557>
<1276453,1641105>
<1276595,1686294>
<1276920,1290410>
<1277310,1541570>
<1277738,1353498>
<1277747,1277748>
<1278062,1278063>
<1278342,1278343>
<1278412,1278413>
<1279147,1279148>
<1279168,1279169>
<1279254,1279255>
<1279338,1683850>
<1279347,1279348>
<1279366,2045672>
<1279841,1279842>
<1281002,1281003>
<1281229,1281230>
<1281456,1281457>
<1282385,1282386>
<1282965,1311024>
<1283589,1340624>
<1283903,1283904>
<1283921,1283922>
<1284324,1284325>
<1284642,1284643>
<128465,2334927>
<128518,130828>
<1285460,1286458>
<1285600,1859104>
<1285988,1285989>
<128631,1394060>
<1287665,1287666>
<1288150,1288151>
<1288805,1288806>
<1288919,1288920>
<1290814,1290815>
<1291213,1291214>
<1291347,1291348>
<1291612,1291613>
<1291647,1291648>
<129168,129169>
<1292421,1292422>
<1293721,1293722>
<1294580,1294581>
<1294837,1294838>
<1294898,1398208>
<1295653,1295654>
<1295803,1311286>
<1295879,1295880>
<1296019,1296020>
<129642,129643>
<1296642,1296643>
<1297036,1297037>
<1297950,1297951>
<129865,129866>
<1298856,1298857>
<1298920,1298921>
<1299067,1299068>
<1299294,1299295>
<1299373,1302660>
<1299381,1299382>
<1299425,1299426>
<1299474,1299475>
<1299494,1299504>
<1299796,1299797>
<1299871,1303732>
<1300720,1300721>
<1301228,1301229>
<1301377,1301618>
<1302458,1302459>
<1302911,1302912>
<1303135,1303136>
<1303143,1303144>
<130359,130360>
<1303966,1303967>
<1304186,1384695>
<1305877,1305878>
<1306454,1306455>
<130712,448847>
<1307162,1307163>
<1307201,1307256>
<1307321,1322272>
<1307850,1307851>
<1308489,1308490>
<1308517,1308518>
<1308765,1308766>
<1308931,1769121>
<1309900,1309901>
<1310206,1310207>
<1310853,1310854>
<1311479,1311547>
<1311524,1329284>
<1311930,2268522>
<1312650,1353787>
<1312724,1312725>
<1312899,1449991>
<1312993,1312994>
<1313113,1548366>
<1313122,1313123>
<1313288,1313289>
<13133,13134>
<1313418,1789047>
<1313741,1334330>
<131400,191316>
<1314928,1314929>
<131508,131509>
<1315568,1315569>
<131605,131606>
<1316140,1316141>
<1316943,1316944>
<131736,459421>
<1318080,1762029>
<1318208,1318209>
<1318218,1318219>
<1318252,1318261>
<1318426,1318427>
<1318557,1318558>
<1318841,2367586>
<1319065,1319066>
<13192,13193>
<1320596,1320597>
<1320862,1320863>
<1321403,1321404>
<1321463,1321464>
<1321480,1539549>
<1321641,1321642>
<1322522,1322523>
<1322566,1322567>
<1322918,1322919>
<1323012,1323013>
<1323796,1421055>
<1324640,1324641>
<1325122,1325123>
<1325245,1325246>
<1325998,1325999>
<1326321,1326322>
<132637,132638>
<1326869,1326870>
<1327223,1327224>
<1327466,1327467>
<1328616,1328617>
<1328810,1328811>
<132895,132896>
<1329375,1329376>
<1330314,1330315>
<1330459,1330460>
<1330474,1330475>
<1330549,1330550>
<1330596,1330597>
<1330655,1330656>
<1331368,1331369>
<1331517,1351036>
<1332322,1332323>
<1333144,1333145>
<1333408,1333409>
<1333458,1333459>
<1334885,1334886>
<1334919,1334920>
<1335192,1335193>
<1335198,1335199>
<1335343,1738626>
<1335511,1546038>
<1336894,1336895>
<1337154,1337155>
<1337493,1337494>
<1337500,1337501>
<1338110,1383305>
<1338121,1440915>
<1338638,1338639>
<1339922,1430084>
<1340195,1340196>
<1340417,1340418>
<1341422,1341423>
<134149,159990>
<1341658,1341659>
<1341983,1341984>
<13421,543125>
<1342405,1342406>
<1342453,1342454>
<1343240,1343241>
<1343744,1371202>
<1344055,1344056>
<1344110,1513940>
<1344453,1344454>
<1344454,1345279>
<1345435,1348862>
<1345563,1345564>
<1345775,1345776>
<1345836,1605125>
<1345933,1345934>
<1346646,1346647>
<1347205,1347750>
<1347231,1347232>
<134744,134745>
<1347968,1347973>
<1348391,1348392>
<1349097,1349098>
<1350054,1597551>
<1350560,1350561>
<1350640,1350641>
<1350941,1526963>
<1351689,1351690>
<1352073,1352074>
<1352152,1352153>
<1352166,1352167>
<1352528,1393098>
<1352921,1352922>
<1353333,1353334>
<1353684,1353685>
<1353758,1353759>
<1353801,1432799>
<1354217,1354218>
<1354619,1354620>
<1354945,1354946>
<1355776,1355777>
<1355881,1355882>
<1356370,1380254>
<1357342,1357343>
<1357944,1357945>
<1358693,1358694>
<1359340,1359341>
<135946,137658>
<1359472,1707503>
<1359956,1359957>
<1360168,1462608>
<1360363,1360364>
<1361137,1361138>
<1361317,1361318>
<1361860,1612669>
<1361945,1361946>
<1361960,1361961>
<1362024,1362025>
<1362376,1362377>
<1362912,1362913>
<136361,710806>
<1364473,1364474>
<1364629,1513863>
<1366400,1366401>
<1366458,1366459>
<1366858,1366859>
<1366966,1366967>
<1367046,1367047>
<136727,581473>
<1367668,1367669>
<1367938,1367939>
<1368195,1755349>
<1368296,1368297>
<1368651,1772960>
<1368767,1539996>
<1369695,1369696>
<1371024,1394306>
<1371247,1371248>
<1371281,1371282>
<1371456,1371457>
<13715,13716>
<1371648,1371649>
<137169,481012>
<1371760,833753>
<1372851,1372852>
<1372978,1764108>
<1373382,1373383>
<13737,13738>
<1374769,1577375>
<1375518,1375519>
<1375844,1375845>
<137588,167097>
<1376075,1749430>
<1376236,1376237>
<1376405,1379186>
<1377116,1377117>
<1377121,1377122>
<1377262,1377263>
<13773,13774>
<1378177,1427441>
<1378352,1378353>
<1378467,1378468>
<1379194,1379195>
<1379567,1379568>
<1381714,1381715>
<1381724,1381725>
<1381983,1381984>
<1382203,1382204>
<1382383,1382384>
<1382721,1382722>
<138346,659669>
<1383575,1383576>
<1383671,1383672>
<1383708,1383709>
<1384484,1467880>
<1384590,1384591>
<138479,420679>
<1384898,1384899>
<1384962,1384963>
<1385143,1385144>
<1385232,1385233>
<1386183,1386260>
<1387062,1387063>
<1387209,1387210>
<1387466,1387467>
<138788,2153264>
<138802,138803>
<1388074,1388075>
<1388095,1388096>
<1388100,1388101>
<1388682,1388683>
<1390016,1390017>
<1390051,1390052>
<1390135,1390136>
<1390155,1390156>
<1390394,1390395>
<1391004,1391005>
<1391391,1391392>
<1392778,1392779>
<139282,186248>
<1392970,1392971>
<1393251,1393252>
<1394564,1394565>
<1394606,1394607>
<1395069,1395070>
<1395319,1395320>
<1395576,1435971>
<1395752,1720371>
<1396207,1396208>
<1396232,1396233>
<139673,1229806>
<1397106,1397107>
<1397112,1397113>
<1397632,1397633>
<1398176,1462336>
<1398313,1414834>
<1398484,1398485>
<1398740,1398741>
<139922,139923>
<1399608,1403670>
<1399711,1399712>
<139974,691840>
<1400280,2368194>
<140036,140037>
<1400406,1400407>
<1401281,1401282>
<1401503,454175>
<1401747,2244334>
<140197,1875034>
<1402161,1423518>
<1402249,1402250>
<1402298,1475343>
<1402347,1402348>
<1402598,1402599>
<1402845,1402846>
<1402963,1403177>
<1403147,1403148>
<1403649,1403650>
<1404151,1477731>
<140482,140977>
<1405105,1410996>
<1406023,1406024>
<1406182,1406183>
<1406716,1406717>
<1406749,1715846>
<1407035,1407036>
<1407135,1407136>
<1407339,1407340>
<1408138,1547115>
<1408368,1408369>
<1408598,1408599>
<1408719,1408720>
<1409266,1409267>
<1409425,1597458>
<1409665,1409666>
<1409947,1195912>
<1410142,1410143>
<1410252,1410253>
<1410270,1410271>
<1410302,2127707>
<1410586,1410587>
<1410610,1410611>
<1411156,1411157>
<1411416,1411417>
<141148,141149>
<1411696,1411697>
<1411790,1411791>
<1412597,1800688>
<1412791,1412792>
<1413162,2129356>
<1413644,1413645>
<1413860,1413861>
<141439,141440>
<141509,754155>
<1415114,1415115>
<1415203,1679493>
<1415751,1415752>
<1415787,1415788>
<1416111,1416112>
<1416214,1934626>
<1416548,1416549>
<1417032,1417033>
<1417240,1417241>
<1417269,1417438>
<1417696,1417697>
<1418003,1418004>
<1418516,1418517>
<1418733,1950407>
<1418741,1418742>
<1418815,1418816>
<1418979,1418980>
<1419005,1419006>
<1419127,1419128>
<1419191,1419192>
<1419253,1419254>
<1419568,1419569>
<1420016,1420017>
<1420672,1420673>
<142081,142082>
<1420866,1420867>
<1422153,1494707>
<1422772,1422773>
<142292,147179>
<1423062,1423063>
<1423148,1423149>
<14232,14233>
<1423257,1423258>
<1423323,1423324>
<1423326,1423402>
<1424182,1424183>
<1424499,1424516>
<1424776,1436931>
<1424969,318957>
<142507,169055>
<142563,230650>
<1426399,1426400>
<1426499,1427373>
<1427332,1427333>
<1427568,1427569>
<1427789,1427790>
<1427886,1427887>
<1428400,1428401>
<1428493,1428494>
<1428509,1428510>
<1428959,1438700>
<142930,154199>
<1429770,1429771>
<1430274,1938130>
<1430823,1430824>
<1431043,1431044>
<1432250,1432251>
<1432356,1432357>
<1432831,1432832>
<1432858,1432859>
<143289,144451>
<1433293,1433294>
<1434136,1434137>
<1434303,1434304>
<143470,143471>
<1434710,1434711>
<1436223,1436224>
<143665,292218>
<1436816,1436817>
<1437020,1437021>
<1437371,1469553>
<1437615,1437616>
<1437778,1437779>
<1438370,1438371>
<143949,143950>
<1439954,1439955>
<1440044,1440045>
<1441232,1271947>
<1441594,1441595>
<1441955,1447008>
<1442676,1442677>
<1443453,1443454>
<1443834,1443835>
<1443864,1443865>
<1444642,1444643>
<1445198,1445199>
<1445264,1445265>
<1445415,1500218>
<1445789,1445790>
<144695,248725>
<1446981,1446982>
<1447396,1447397>
<1447565,1447566>
<1447853,1447854>
<1447876,1460099>
<1449533,1449534>
<1450087,653993>
<1450451,1450452>
<1450587,1499652>
<1451925,1451926>
<1454039,1454040>
<1454042,1454043>
<1454220,1454243>
<1454382,1454386>
<1455323,1455324>
<1455737,1455738>
<1455793,1455794>
<1455834,1455835>
<145613,236933>
<1456204,1456205>
<1456457,1456458>
<1456670,1456671>
<1456941,1456942>
<1457269,1637436>
<145736,156275>
<1458007,1458022>
<1458086,1458087>
<1458208,1458209>
<1459399,1860306>
<1460366,1460367>
<1461395,1461396>
<146159,980100>
<1463204,1463205>
<1463622,1463623>
<146443,161968>
<1464555,1991888>
<14651,14652>
<1465477,1465478>
<1465717,2391710>
<1466013,1482905>
<1466548,1466549>
<1467072,1467073>
<1467559,1828618>
<1467637,1467638>
<1468585,1468586>
<1468912,1468913>
<146923,146924>
<1469747,1469748>
<1470168,1470169>
<1470315,1495794>
<1471130,1790367>
<1471693,1471694>
<1471875,2335003>
<1472296,1472297>
<1472561,2143390>
<1472563,1795387>
<1472933,1472934>
<1473424,1473425>
<1473658,2242185>
<1473759,1473760>
<1474992,1474993>
<1475468,259089>
<1476107,1476108>
<1476782,1476783>
<1477273,1477274>
<1478468,1478469>
<1478660,1478661>
<147950,727693>
<14796,51377>
<1479641,1479642>
<148063,1278291>
<1480886,1480887>
<1481861,1481862>
<148194,1127498>
<1482671,1482672>
<1483037,1483038>
<1483053,1483054>
<1483640,1483641>
<1483988,1483989>
<1484026,1484027>
<1484257,1484258>
<1484658,1484659>
<1484807,1484808>
<148673,162089>
<1486880,1486881>
<1487059,1487060>
<1487092,1487093>
<1488116,90206>
<1489867,1489868>
<149033,350550>
<1490856,1490857>
<1491403,1491404>
<149150,163548>
<1491574,1522531>
<1492614,1492615>
<1493028,1512184>
<1493039,1493040>
<1494185,1494186>
<1494317,1494318>
<1495230,1495231>
<1495501,1512174>
<1495670,1495671>
<1496017,1839147>
<1496063,1496064>
<1496107,1496108>
<1496336,1496337>
<149652,1127519>
<1498741,1498742>
<1499909,1499910>
<1500230,1500231>
<1500284,1500285>
<1502334,1502335>
<1502489,1502490>
<1502631,1502632>
<1502919,1502920>
<1503367,1503368>
<1503428,1503429>
<1503727,1503728>
<1504649,1504650>
<1504677,1504678>
<1505427,1505428>
<1505750,1505751>
<1505816,1505817>
<1506369,1506370>
<1507079,1507080>
<1507541,1595839>
<1508187,1508188>
<1508210,1572954>
<1508320,1965224>
<150836,151211>
<1508513,1508514>
<1508526,1508527>
<1508774,1508775>
<1509414,1509415>
<1509420,1509421>
<1509765,1509766>
<1512038,1514662>
<1512351,1512352>
<1512692,1539783>
<1513005,1513006>
<151308,151309>
<1513240,1589191>
<1513246,1513247>
<151382,151386>
<1514047,1514048>
<1514587,1523385>
<1514649,1514650>
<1514669,1514670>
<151476,882881>
<1515113,1515114>
<1515256,1294820>
<1515492,1515493>
<1515727,1515728>
<1516394,1582260>
<1516640,1516641>
<1516748,1516749>
<1517853,1517854>
<151857,881206>
<1519811,1532320>
<1519835,1519836>
<1520291,1718668>
<1520865,1520866>
<1521072,1540164>
<1521215,1521216>
<1522360,1589485>
<1522412,1522413>
<1523591,1523592>
<1523607,1523608>
<1523666,1523667>
<1523799,1523800>
<1524206,1524207>
<1524223,1524224>
<1524995,1524996>
<1525035,1525036>
<1526237,1526238>
<152648,1368169>
<1527370,1527371>
<1527654,1527655>
<1528467,1528468>
<1528941,2391564>
<1530287,1530288>
<1530653,1530654>
<1530781,1929244>
<1531191,1531192>
<1531373,1534160>
<153201,153202>
<1532038,1532039>
<1532394,1636071>
<153252,216687>
<1533015,1533016>
<1533154,1533155>
<1534569,1661882>
<1534658,1534659>
<1534908,1692514>
<1534909,1534910>
<1535444,1535445>
<1535815,1535816>
<1535823,1535824>
<1536130,1536131>
<1536551,1751820>
<1536915,1536916>
<153762,829395>
<153767,153768>
<1538130,1538131>
<153826,1196482>
<1538313,1538314>
<1539321,2215146>
<1539425,1539426>
<1539991,1539992>
<1540418,1540419>
<1540492,1181620>
<1541167,1541168>
<1541875,1541876>
<1542263,1542264>
<1543312,1543313>
<1544105,1544106>
<1544373,1884957>
<1544852,1544853>
<1544901,1544902>
<1545551,1548879>
<1545877,2260150>
<1545925,1545926>
<1546880,1631497>
<1548133,2213320>
<1548183,1753995>
<1548220,1548221>
<1548512,1548513>
<1548682,1578737>
<1548944,1548945>
<1549531,1549532>
<1549810,1549811>
<1549818,1549819>
<1549893,1549894>
<1550105,1550106>
<1550512,2211644>
<1550673,1582564>
<1550810,1550811>
<1551651,1551652>
<1552633,1552634>
<1552704,1552705>
<1552734,1552735>
<155277,854654>
<1553447,1553448>
<1554839,1554840>
<1554841,1562270>
<1556354,1796255>
<1556788,1681158>
<1558856,1558857>
<1559665,1559666>
<1559680,1559681>
<1560116,1560117>
<1560978,1560979>
<1561010,1561011>
<1561166,1569766>
<1561768,1561769>
<1561821,1561822>
<1561958,1561959>
<1563729,1563730>
<1563732,1563733>
<1563760,207268>
<1564299,1564300>
<1565261,1630229>
<1565509,1565550>
<1566156,1566157>
<1566382,1666493>
<1566599,1566600>
<1566692,1566693>
<156710,164719>
<1567534,1567535>
<1569031,1768641>
<1569350,2158430>
<1570641,1570642>
<1570913,1570914>
<1570962,1712755>
<1571248,1571249>
<1571331,1571332>
<1571371,1571372>
<1571372,1704909>
<1571660,1571661>
<1572221,1572222>
<157345,647141>
<1573893,1573894>
<157402,157403>
<1574860,1574861>
<1574930,2115785>
<157554,1924163>
<1575594,2256131>
<1578796,1578829>
<1578859,1578860>
<1581045,1581046>
<1581153,1581387>
<158143,37350>
<158145,215931>
<1582390,1582391>
<1582456,1582457>
<158260,158261>
<1583203,1583204>
<1585196,1585197>
<158527,158528>
<1585376,1585377>
<158671,179872>
<1586732,1586733>
<1587391,1587392>
<1587564,1587565>
<1587608,1587609>
<158780,174223>
<1588339,1588340>
<1589012,1589013>
<1589370,1589371>
<1589412,1589413>
<1591625,1591626>
<1592923,1903571>
<1593470,1593471>
<1593789,1593790>
<1594589,1594699>
<1594912,1626555>
<159530,164703>
<1595892,1595893>
<1596656,1596657>
<1597043,1623518>
<1597518,1628931>
<1597523,1615181>
<1598643,1598644>
<1599930,1599931>
<1600073,2214074>
<1600082,1600083>
<1602114,1602115>
<1602671,1602672>
<1602861,1635070>
<1603580,1603581>
<1603937,1603938>
<1603971,1603972>
<1605107,1605108>
<1606271,1606272>
<1606621,1606622>
<1608144,1608145>
<1608202,1608203>
<1609402,1646184>
<1609682,2087125>
<1610131,1610132>
<1610603,1618284>
<1610940,1610941>
<1611295,1611296>
<1611866,1611867>
<1612290,1734398>
<1612327,1612328>
<161323,161324>
<1614498,1614499>
<1614673,551140>
<1615018,1615019>
<1615470,1615471>
<1615474,1615475>
<1616371,1616372>
<1616430,1616431>
<161680,1016670>
<1616874,1616875>
<1617411,1617412>
<1618336,1618373>
<1618489,1621708>
<1618727,1618728>
<1619004,1697276>
<162001,464513>
<1620441,1620442>
<1621014,1621015>
<1621937,1621938>
<162223,415442>
<1622404,1622405>
<162301,162302>
<1623210,1623211>
<1623422,1623423>
<1623741,1623742>
<1624321,1667167>
<1624706,1624707>
<1625088,1658281>
<1625164,1627995>
<1627070,1627071>
<1627903,1627904>
<1627969,1628104>
<1628268,1628222>
<1628847,1628848>
<1630103,1630104>
<1630119,1630120>
<163071,1411233>
<1630749,1702790>
<1632977,1632978>
<1633578,1633579>
<1633847,1923815>
<1634213,1634214>
<1634586,1634587>
<1635204,1635205>
<1635514,1635515>
<1636331,1636332>
<1636841,1636842>
<1637474,1637475>
<1637595,1637596>
<1637990,1637991>
<1638402,1638403>
<1638544,1638545>
<1638582,1763535>
<1638953,1638954>
<1638956,1638957>
<1639311,1639312>
<1639432,1639433>
<1639500,1639501>
<1639661,1639662>
<1639961,1639962>
<1640319,1640320>
<1640572,1744688>
<1640633,1640634>
<1640768,1640769>
<164094,164095>
<1642589,1642590>
<1642668,1642669>
<1642773,1642774>
<1642830,1642831>
<1642861,1642862>
<1642904,1642905>
<1642917,1642918>
<164323,169350>
<1643591,1643592>
<1643645,1643646>
<1644469,1644470>
<1644482,1644483>
<164504,186157>
<1645196,1648205>
<1646023,1646024>
<1646030,1646031>
<1646520,1647662>
<1646825,1646826>
<1647621,18912>
<1647971,1647972>
<1648012,1648013>
<1649001,1649002>
<165004,165005>
<1651095,906297>
<1651374,1651375>
<165151,307377>
<1652248,2182449>
<1652813,1652814>
<1653547,1653548>
<1655320,1655321>
<1656500,1656501>
<165797,1577765>
<165890,165901>
<1659048,1659886>
<1659092,1659093>
<1659810,1659811>
<1660451,1660452>
<1661636,1661637>
<1662386,1725803>
<1662997,2013384>
<1664024,1664025>
<1664998,1664999>
<1665039,1665040>
<1665894,1665895>
<1666541,1666542>
<1667170,1667171>
<1667628,1667629>
<1667844,1667845>
<1667943,1667944>
<166865,2103681>
<16688,667076>
<1670215,1689303>
<167055,191537>
<1670751,1679822>
<1670849,1670850>
<1671224,1671225>
<1671371,1671372>
<167146,181584>
<1671538,1671539>
<1671595,1671596>
<167168,1778498>
<1671831,1671832>
<1671897,1671898>
<1673353,1673354>
<1673364,1918340>
<1673508,1673552>
<1673850,1673851>
<167394,167400>
<1674498,1674499>
<1675484,1675485>
<1675694,1680929>
<1677201,1677202>
<1678353,1678354>
<1679196,1679197>
<167939,245402>
<167952,865045>
<1679536,1679537>
<1679661,1679662>
<1679811,1679812>
<1680219,1680220>
<1680694,1680695>
<1681224,1830358>
<1681309,1681310>
<1681590,1681591>
<168228,1699552>
<1682406,1703434>
<1682910,1682911>
<1683014,1683015>
<1683027,1770542>
<168308,1981385>
<1683166,1683167>
<1683691,1683692>
<1683974,1683975>
<1684139,1706238>
<1685486,1685487>
<1685676,1685677>
<1685732,1685733>
<1686043,1686044>
<1686864,1805858>
<168743,168744>
<1689018,1689019>
<169082,171808>
<169084,1036676>
<1691134,1691194>
<1691338,1691339>
<1691437,1691438>
<1691786,1691787>
<1692895,1692896>
<1694227,1718678>
<1694383,1694384>
<1696652,1696653>
<1696994,1696995>
<1697348,1697349>
<1697417,1697418>
<1698351,1887075>
<1698405,1698406>
<1698469,1698470>
<169868,278818>
<1699080,1929663>
<1699858,1699859>
<1700226,308647>
<1701737,1701738>
<1701837,1701838>
<1701904,1701905>
<1703672,1936323>
<1704473,1813963>
<1704759,2025146>
<1707129,1707130>
<1707245,2309987>
<1708066,1708067>
<1708455,1708456>
<1708601,1708602>
<1709384,1709385>
<1709387,1709388>
<1710306,1710307>
<1711095,2313319>
<1711869,1711870>
<1712003,1798023>
<171204,728524>
<1712230,1712231>
<1712270,1712271>
<1712455,1712456>
<1712803,1967078>
<1713142,1713143>
<1715074,1715075>
<171630,210542>
<1716809,1716810>
<1716961,1716962>
<1717110,1717111>
<1718125,1718126>
<1718890,1718891>
<1719027,1719028>
<1719075,1719076>
<1719658,1724400>
<1720107,1720108>
<1720607,1720868>
<1721022,1795010>
<172134,333827>
<17223,17224>
<172398,172399>
<1724541,1724542>
<1724874,1724875>
<1725845,1725846>
<1726509,1726510>
<1726688,1726689>
<1726895,1726896>
<1727338,1727339>
<1727902,2229773>
<1728769,1728770>
<1728790,1728791>
<1730765,1730766>
<173077,518031>
<1730921,1730922>
<1730957,1756264>
<1731159,1731160>
<1731963,1731964>
<1732151,1732152>
<173217,497448>
<1732670,1732671>
<1733407,1733408>
<1733673,1849581>
<1734006,1811283>
<1734818,2259082>
<1734951,1734952>
<1735090,1735091>
<173529,205417>
<1735960,1735961>
<1736741,1736742>
<173707,173708>
<1737999,1738000>
<1738598,2089297>
<1738635,1738636>
<1739821,1765487>
<1740328,1740329>
<174136,514813>
<1741455,1741456>
<1742193,1742194>
<1742540,1742541>
<1742611,1742612>
<1743261,1743262>
<174410,264608>
<174448,174449>
<1744846,1744847>
<174609,1242049>
<174694,1749447>
<1747365,1747366>
<1747473,1747474>
<174807,1618546>
<1748417,1748418>
<1748479,1748480>
<174952,2254311>
<1752075,1752076>
<1752283,1793819>
<1753379,1753380>
<1754503,1754504>
<1755519,1755520>
<1755626,1755627>
<1755934,1759392>
<1757397,1757398>
<1757687,1757688>
<1757703,1757704>
<1757865,1757866>
<1758063,2071105>
<1758645,1758679>
<175909,175913>
<1759497,1759498>
<1759788,1792291>
<1759939,1759940>
<1760731,1772591>
<1761700,1761701>
<1761729,1761730>
<1762632,1762633>
<1762717,1762718>
<1763398,1763399>
<1763665,1830527>
<1763676,1763680>
<1763982,1763983>
<1764326,1764327>
<176449,314678>
<1764607,1764608>
<1764715,1764716>
<1765090,1765091>
<17654,17659>
<1765590,1765591>
<176603,183009>
<1766998,1766999>
<1767125,1767126>
<1768687,1768688>
<1769392,1769393>
<1769396,1769397>
<1769954,1769955>
<177036,771416>
<1770844,1770845>
<1771262,1771263>
<177143,315276>
<1772531,1772532>
<1772548,1772549>
<1772855,1772856>
<1773050,1778188>
<1773095,1773096>
<1773812,1773813>
<1774345,1774346>
<1774492,1833901>
<1774861,1774862>
<1775005,1775006>
<1775839,2282155>
<1775970,1775971>
<1776036,1776037>
<1776425,1776426>
<1777084,1815649>
<1778190,222887>
<177865,565844>
<1778682,1778683>
<1778950,1778951>
<1779875,1779876>
<1780082,1780083>
<1781652,1781653>
<1782672,2114075>
<178378,178379>
<1783985,1783986>
<1784182,1784183>
<1785195,1785196>
<1785760,1785761>
<178644,1994488>
<1787468,1787469>
<1787684,1787685>
<1789389,1789390>
<1789419,1789420>
<179025,179026>
<1790580,1790581>
<1790639,1790640>
<1790674,1790675>
<179098,1322482>
<1791681,1791682>
<1792295,1792296>
<1792497,1792498>
<1792764,1792765>
<179297,179310>
<1793103,1793104>
<1793784,2046958>
<1793872,1830927>
<1794097,1794137>
<1794295,2192309>
<1794296,1794297>
<1796148,1796149>
<1796401,1796402>
<17965,17966>
<1798159,2256667>
<1798431,1798432>
<1798858,1798859>
<1798965,1798966>
<1799532,1840717>
<1799966,1799967>
<1800080,1847404>
<180018,286319>
<1800325,1800326>
<1800436,1800437>
<1801105,1801106>
<1801379,1807921>
<1801380,1801381>
<1801528,1801603>
<1802013,1802014>
<180208,180209>
<1802855,1802856>
<1802869,1802870>
<180357,197326>
<1803728,1803729>
<180399,261320>
<1804477,1804478>
<1804889,1804890>
<1807287,1815776>
<1807577,1807578>
<1807722,1807723>
<1808471,2012102>
<1808632,1808633>
<1809939,1809940>
<1809989,1809990>
<1810147,1810148>
<181134,183389>
<1812173,1812174>
<1812306,1812307>
<1812884,1812885>
<1813314,2232857>
<1814470,1814471>
<1815180,1815181>
<181519,181525>
<181525,181530>
<1815570,1815571>
<1816288,1816289>
<1817494,1817495>
<181816,1412836>
<1818376,1818377>
<1819787,1819788>
<1820545,1820546>
<1820565,1820566>
<1820611,1820612>
<1821449,1821450>
<1821600,1856834>
<1822900,1822901>
<1823157,1823158>
<1824537,1824538>
<1824595,1840522>
<1824722,1824723>
<182523,182524>
<1825452,1873952>
<1826360,1826361>
<1827005,1827006>
<1827309,1827310>
<1827370,1827371>
<1828258,2050635>
<1829025,1829026>
<1829718,1829719>
<1829779,1829780>
<1829818,1829819>
<1830419,1830420>
<1831718,1941716>
<1832317,1832318>
<1832512,1832513>
<1833408,1833409>
<1833708,1899479>
<1833926,1833927>
<1834186,1834187>
<1835054,1835055>
<183515,632650>
<1836069,1836070>
<183627,734465>
<1836368,1836369>
<1837264,1837265>
<1837661,2158055>
<1838963,1838964>
<1839534,1839535>
<1840107,1840108>
<1840921,1840922>
<1841200,1841201>
<1841934,1896681>
<1842372,2174580>
<1842409,1842410>
<1843159,1923715>
<184377,1218562>
<1844526,1844527>
<1845009,1845010>
<1845370,1845371>
<1845803,1845804>
<1846424,1846425>
<1847454,1847455>
<1848097,1848098>
<1848634,1848635>
<1849672,1849673>
<1850311,1850312>
<1852095,1852096>
<1852150,1852151>
<1852285,1852286>
<1852323,1033474>
<185273,185278>
<1854146,1854147>
<1854172,1854173>
<1854175,1854176>
<1855057,1892990>
<1855215,1855216>
<1856145,1856146>
<1856571,2348064>
<1856613,1856614>
<1857072,1857073>
<1857182,1857183>
<1857367,1857368>
<1857740,1857741>
<1858974,1858975>
<1859231,2158474>
<186112,186126>
<1861578,1861579>
<186169,454849>
<1862220,1862221>
<1862242,1909640>
<1862531,1871376>
<1863501,1863502>
<1863585,1863586>
<1864140,2298315>
<1865450,1878947>
<1865524,1865525>
<1865582,1865583>
<1866784,1866785>
<186712,658079>
<1867467,1867468>
<1867477,1867478>
<1867621,1867622>
<1867845,1883864>
<1868274,1868275>
<1868996,1868997>
<187097,1155019>
<1871515,1871516>
<1871909,1871910>
<1872024,1872025>
<1872026,1917030>
<1872542,2385149>
<1872709,1872710>
<1872752,1872753>
<187304,1483015>
<1873722,1873723>
<1874173,1874174>
<187430,187431>
<1874791,1874792>
<1875134,1875135>
<1875381,1875382>
<1876190,1876191>
<1876707,2095511>
<1877357,1877358>
<1878750,1878751>
<18791,1909718>
<1879326,2098649>
<1879886,1879887>
<1880079,2048531>
<1880483,1880484>
<1880669,2174653>
<1880700,2169262>
<1881864,1881865>
<1882480,1887889>
<1883408,2031027>
<1883752,1894186>
<1884261,1884262>
<1884435,1884436>
<188488,229006>
<188518,950913>
<1885817,1943291>
<1885839,1885840>
<1886289,2201439>
<1886771,1886772>
<1888584,1888585>
<1888785,1888786>
<1889551,1889552>
<1892663,1892664>
<1894650,2150455>
<1895490,1895491>
<189557,189558>
<1895707,1895708>
<1896182,1896183>
<1896584,1989844>
<1896834,1896835>
<1897282,1897283>
<1898592,1898638>
<1898854,1898855>
<189899,200461>
<1899006,1899007>
<1899414,1899415>
<1899514,1899515>
<1900052,2375368>
<1900236,1900237>
<1900276,1900277>
<1900745,1907228>
<1900868,1900869>
<1901004,1901005>
<1902011,1902012>
<190241,646724>
<1902572,1923566>
<1902867,1902868>
<1904487,2016664>
<1904553,1904554>
<1904762,1905039>
<190549,190550>
<190569,190570>
<1906987,1914765>
<1907605,1907716>
<1908796,2014362>
<1909009,1909010>
<1909025,1909026>
<1909830,1909831>
<1911204,1985344>
<1911395,1911396>
<1912125,1912126>
<1912189,1912190>
<191242,191808>
<1912731,1912732>
<191312,337176>
<1913242,1913243>
<1915175,1915176>
<1915978,1915979>
<1916135,1916136>
<1916742,1941018>
<191848,635722>
<1918545,1918546>
<1918776,1983580>
<191889,191890>
<1919258,1919259>
<1920428,1920429>
<1920940,1920941>
<192103,1204397>
<1922298,1922299>
<1924145,1924146>
<1924231,1924232>
<192441,1669324>
<1925581,2181849>
<1925653,1925654>
<1925834,1925835>
<1925957,1925958>
<1926263,2346324>
<1926388,1926389>
<1926812,1926813>
<1926813,1929021>
<1927024,1927025>
<192764,1948547>
<1927914,1927915>
<1927977,1927978>
<192837,192838>
<1928895,1928896>
<1929848,1929849>
<1930566,1930567>
<1932041,1932042>
<1932564,1932565>
<193260,193261>
<193273,193279>
<1933318,1933335>
<1934135,1934136>
<193499,193500>
<1936231,1936232>
<1936639,2185879>
<1936673,1949558>
<1937193,1937194>
<1937521,1937522>
<1937563,1937564>
<1937792,1937793>
<1938779,1938780>
<1939922,1939923>
<1940505,1989394>
<1940997,1940998>
<1941709,1941710>
<1941880,1941930>
<1942438,1954568>
<1943006,2232188>
<194316,194317>
<1944008,1944009>
<1944700,1944704>
<1945622,2122661>
<1946702,1946703>
<1946903,1946904>
<1946970,1946971>
<1947328,1947329>
<1948200,1948201>
<1948273,1948274>
<1948431,2002342>
<1949396,2365946>
<1949829,1977010>
<1950216,1950217>
<1951438,1951439>
<1951854,1951855>
<1952140,2035348>
<1953450,1953451>
<1953709,1953710>
<1954299,1954300>
<1954649,2159967>
<1955696,2077493>
<1956730,1956840>
<1956836,1956837>
<1957262,1957263>
<1958418,1958419>
<195903,665432>
<1959153,1974796>
<1959451,1962833>
<1960128,1960129>
<1961486,1961487>
<1962045,1962046>
<1962101,1962102>
<1962513,1962514>
<1962819,1962820>
<1963444,1963445>
<196388,641763>
<1964472,1964473>
<1965318,1965325>
<1965764,1965765>
<1968237,1968238>
<1968601,270274>
<1968642,1968643>
<1968796,1968797>
<1969807,1969808>
<1969867,1979931>
<1969887,1969888>
<1970635,1970636>
<1970917,1970918>
<1973383,2008183>
<1975189,2001311>
<1976108,1976109>
<1976360,1976361>
<1976602,1976603>
<1977823,1977824>
<1978143,1978668>
<1979748,1979749>
<1979882,2107934>
<1980024,1982518>
<1981452,1981453>
<1981828,1981829>
<1982091,1982092>
<1982754,1982755>
<1983385,1983386>
<1983432,1983433>
<1984623,1984624>
<1984769,1984770>
<1984802,1984988>
<1985734,1985735>
<1985973,1985974>
<1986940,1986941>
<198697,816587>
<1987104,1987105>
<1987793,1987794>
<1987911,1987912>
<198812,198813>
<19884,681308>
<1988931,1988932>
<198936,198987>
<1990359,1990360>
<1990611,1990612>
<199120,199121>
<1991271,1991272>
<1992102,1992103>
<1994084,1994085>
<1994638,1994639>
<1994761,2060419>
<19948,19949>
<1994852,1994853>
<1994999,1995000>
<19952,19953>
<1995275,1995276>
<1998869,2016810>
<1999609,1999610>
<1999948,1999949>
<2000709,2000710>
<200085,1601057>
<2001516,2001517>
<2002144,2002145>
<2004811,2004812>
<2005415,2005416>
<2005820,2005920>
<2006109,2006110>
<2006465,2006466>
<2006522,2006523>
<2006724,2006725>
<2007259,2007260>
<2008008,2143263>
<200890,2009201>
<2009156,2009157>
<2010198,2010199>
<201142,1507226>
<2011654,2011655>
<2011998,2011999>
<2012617,2132909>
<2012633,2075310>
<2012686,2012687>
<2013142,2013143>
<201359,202248>
<2013682,2013683>
<2014302,2041541>
<2014447,2014448>
<201611,1537934>
<2016136,2016276>
<2016705,2186355>
<201694,201695>
<2017185,2017186>
<2019244,2019245>
<2019335,2019336>
<2019343,2019344>
<2019572,2019573>
<2021131,2021132>
<20220,1275895>
<2022227,2368497>
<2022840,2025471>
<2023480,2023481>
<2023842,2023843>
<2024522,2011654>
<2024665,2218183>
<2024901,2024902>
<2025472,2062024>
<2026276,2026277>
<2026632,2026633>
<2027241,2027242>
<2027407,2027408>
<2027787,2027788>
<2028643,2062148>
<2028861,2028862>
<2029026,2029027>
<2029484,2029485>
<2030083,2030084>
<2030330,2030331>
<2031719,2031720>
<2031777,2343784>
<2033952,2200177>
<2034526,2019335>
<2034985,2252667>
<2038038,2038039>
<2039595,2039596>
<2039607,2039864>
<2039753,2039754>
<2039781,2039782>
<2040413,2040414>
<204171,763148>
<2041720,2041721>
<2042199,2042200>
<204252,1809880>
<2042533,2042534>
<2042854,2042855>
<2043216,2043217>
<2044945,2044946>
<2045677,2045678>
<204583,217643>
<2046609,2046610>
<204697,1863424>
<2047284,2047285>
<2049709,2054776>
<2050220,2066525>
<2051859,2051860>
<2052369,2052370>
<2053093,2084791>
<2055378,2055379>
<2056700,2056701>
<2057973,2057974>
<2058840,2058841>
<2058973,2058974>
<2059345,2059346>
<2059374,2059375>
<2059973,2064562>
<2060702,2060703>
<2061550,2061551>
<2062024,2062025>
<2062246,2062247>
<2062275,2062276>
<2062365,2062366>
<2062419,2062420>
<2063156,2063157>
<2063199,2063200>
<2064041,2064275>
<2064473,2064474>
<2064663,2064664>
<206661,206662>
<2066989,2066990>
<2070022,2070023>
<2070580,2070581>
<2070719,2070720>
<207108,1255578>
<2072312,2072313>
<2072706,2072707>
<2072994,2195019>
<2073727,2073728>
<2073931,2073932>
<2074581,2074582>
<2075277,2075278>
<2075313,2299272>
<2075888,2105084>
<2077429,2077430>
<2078005,2078006>
<2078202,2078203>
<2078550,2258304>
<2079767,2079768>
<2080289,2080290>
<2080692,2087440>
<2080877,2080878>
<2083622,2083623>
<2084766,2093667>
<2085262,2085263>
<2086382,2086383>
<2087265,2087683>
<2087342,2206199>
<2087862,2087863>
<2088935,2088936>
<208900,208901>
<2089136,2089137>
<2089295,2089296>
<2089340,2089341>
<2089849,2089850>
<2090925,2090926>
<2091053,2091054>
<2091311,2319652>
<2092856,2092857>
<2092891,2237770>
<2093420,2191195>
<2093533,2317318>
<2093747,2257880>
<2094628,2094629>
<2094668,2094669>
<2095620,2095621>
<209583,209584>
<2097318,2097319>
<209816,209817>
<2100165,2100166>
<2102814,2268301>
<2103214,2389713>
<2103902,2103903>
<2110129,2110130>
<2110203,2110204>
<2110632,2110633>
<2110799,2110800>
<2111113,2111114>
<2111312,2111313>
<2113646,2115306>
<2113874,2113875>
<2114263,2114264>
<2114706,2114707>
<2114926,2114927>
<2115162,2115163>
<2115694,2116173>
<2116013,2140977>
<2116620,2222810>
<2118031,2118032>
<2118362,2118363>
<2118477,2118478>
<2118948,2118949>
<2119064,2119065>
<2119888,2119889>
<2120051,2120052>
<212028,212029>
<212129,245447>
<2124280,2226334>
<2124448,2124449>
<2124481,2124482>
<2124579,2203606>
<2127547,2127548>
<2128433,2128434>
<2128719,2129319>
<2129256,2311470>
<2129836,2129837>
<2131014,2131015>
<2131237,2131272>
<2131715,2131716>
<2131934,2230567>
<2132104,2132105>
<2132343,2132363>
<2133929,2133930>
<2134028,2134029>
<2134102,2156452>
<2134462,2134463>
<213469,213470>
<2135035,2135036>
<213552,214280>
<2136437,2136438>
<213644,1438166>
<2136674,2136675>
<2137024,2137025>
<2137260,2137261>
<213916,578375>
<2139531,2159666>
<2140334,2140335>
<2142342,2142343>
<2142689,2142690>
<2143333,2143334>
<2145389,2270787>
<2147260,2155275>
<2147674,2147675>
<214801,226798>
<2148064,2148065>
<2150814,2150815>
<2150939,2203943>
<215169,1525883>
<215190,1081817>
<2152033,2152034>
<2152035,2152036>
<2152849,2303309>
<2154227,2154228>
<2155021,2155022>
<2155525,2155526>
<215559,215560>
<2156181,2158757>
<2156528,2156529>
<2158264,2158265>
<2158741,2158742>
<2159455,2159462>
<2159492,2159493>
<2159659,2159660>
<2159925,2159926>
<2160287,2160288>
<2161848,2161849>
<2162675,2162676>
<2163067,2163068>
<2164025,2166825>
<2164115,2164116>
<2164547,2164548>
<2165661,2165662>
<2165725,2165726>
<2166072,2166470>
<2166151,2166152>
<2167707,2167708>
<2168363,2177105>
<216886,964268>
<2170052,2170053>
<2170413,2170414>
<2170634,2170635>
<2172095,2172096>
<2172390,2172391>
<217329,1017376>
<217545,255171>
<2175844,2175845>
<2175908,2185008>
<2176212,2176213>
<217654,2122961>
<2177529,2177530>
<2178609,2182821>
<2178652,2178653>
<2179666,2191750>
<2179754,2179755>
<2180291,2180292>
<2181329,2181330>
<2182588,2182589>
<2183044,2254877>
<2183764,2183765>
<2183957,2183958>
<218464,222211>
<2185075,2185076>
<2185517,2185518>
<2186867,2186868>
<2187274,2187275>
<2188821,2229021>
<21892,21893>
<2190443,2190444>
<2190667,2190668>
<2191866,2191867>
<2192886,2192887>
<2194004,2194005>
<2194083,2290781>
<2194497,2194580>
<2195883,2195884>
<2197661,2197662>
<2199469,2355395>
<2199756,2199757>
<2200297,2356038>
<2200671,2200672>
<2200943,2200944>
<2201192,2201193>
<220214,220215>
<2202385,2202386>
<2202805,2202806>
<220289,220290>
<220390,1583186>
<2204423,2204424>
<2204994,2204995>
<2206500,2206501>
<2206666,2206667>
<2207663,2207664>
<2208148,2208149>
<2208630,2208631>
<2209180,2209181>
<2209334,2209335>
<220962,236894>
<2210213,2210214>
<2210332,2210333>
<2210365,2210366>
<2210665,2210666>
<2210733,2210734>
<2210898,2210899>
<2211669,2211670>
<2211908,2211909>
<2215119,2215120>
<2216692,247874>
<2217268,2367433>
<2218017,527594>
<2218111,2218112>
<2218541,2226806>
<2219541,2219542>
<222036,222037>
<2221285,2221286>
<2221862,2334360>
<2222171,2334778>
<2222550,2222551>
<2223012,2223013>
<222416,222617>
<2225296,2225297>
<222551,222552>
<2227188,2227189>
<2228004,2228005>
<2228318,2228337>
<2230276,2230277>
<2230420,2283268>
<223071,1169357>
<223090,665271>
<2231165,2231166>
<223166,249177>
<2231999,2232000>
<2232293,2232294>
<2233724,2237184>
<223410,728939>
<2234646,2234647>
<2234735,2234736>
<22354,22355>
<2235748,2273069>
<223610,524626>
<223614,223615>
<2236820,2236821>
<2237803,2237804>
<2237818,2237819>
<2238012,2238013>
<2238315,2238316>
<2240137,2248038>
<2242159,1714430>
<2242739,2242740>
<2244234,2244235>
<2246303,2246304>
<224634,224635>
<2246956,2246957>
<2247293,2247294>
<2248124,2274317>
<2249007,2249008>
<2249089,2249090>
<2249207,2249208>
<2249721,2249722>
<2251785,2251786>
<2252164,2252165>
<2252635,2252636>
<2255302,809455>
<2257502,2257503>
<2259021,2259022>
<2261393,427675>
<2264815,2259348>
<2267274,2267275>
<2267303,2267304>
<2268547,2268548>
<2270632,2270633>
<2272004,2272005>
<2272167,2272168>
<2273327,2273328>
<227348,227349>
<2273884,2273885>
<2274261,2326728>
<2274659,2274660>
<227510,703163>
<2275560,2275561>
<2276436,2276437>
<2276532,2276533>
<227741,227742>
<2278920,2278921>
<2279755,2279756>
<2280527,2280528>
<2281762,2281763>
<2282789,2282790>
<2284407,2284408>
<2285828,2285829>
<2286610,2286611>
<2287344,2287345>
<2287403,2287404>
<2287423,2287424>
<2288742,2288743>
<2289321,2289426>
<2290067,2290068>
<229045,229046>
<2291103,2291104>
<229121,314560>
<2292099,2313434>
<2294119,2294120>
<2296074,2296075>
<2297244,2297245>
<2298212,2298213>
<2298275,2298276>
<2299873,2318268>
<2300606,2300607>
<230095,230096>
<2301555,2321975>
<2302943,2302944>
<2303676,2303677>
<2304126,2304127>
<2304825,2304826>
<2304906,2304929>
<2305214,2305215>
<2307672,2307673>
<2309130,2346256>
<2310007,2310008>
<2311638,2311778>
<2312253,2312254>
<231229,422967>
<2312964,2312965>
<23133,23134>
<2313394,2393080>
<2313686,2319873>
<2314973,2314974>
<2315248,2315249>
<2315788,2315789>
<2316074,2316075>
<2317007,2317008>
<2317285,2317286>
<2318030,2318073>
<2318141,2348119>
<2318969,2318970>
<231915,231921>
<2321152,2362008>
<2322380,2322381>
<2323174,2323175>
<2324291,2324292>
<2326197,2326198>
<2326982,2326983>
<2328372,2366896>
<2328489,2328490>
<2328564,2328565>
<2328788,2328789>
<2332826,2332827>
<2334353,2334354>
<2334893,2334894>
<2335268,2335269>
<2335335,2335409>
<2336501,2336657>
<2336633,2336634>
<233731,233732>
<2337518,2337519>
<2340269,2340270>
<2340430,2340431>
<2340996,2340997>
<2342603,2342604>
<2343268,2343269>
<2343283,2343331>
<2345058,2345059>
<2345157,2345158>
<2345878,2345879>
<2346654,2346655>
<2346781,2352747>
<2346913,2347649>
<2347991,2361928>
<2348795,2348796>
<2350337,2350338>
<2352410,2352411>
<2353007,2358653>
<2353243,2353244>
<2354307,2354308>
<2354433,2354434>
<235639,1897575>
<235787,484284>
<2358016,2358017>
<2358756,2358757>
<2358844,2358903>
<2361406,2361407>
<2361830,2370853>
<2362232,2362233>
<2362887,2362888>
<2365201,2365202>
<2366144,2366174>
<2366541,2366542>
<236712,236713>
<236759,709206>
<2367637,2367638>
<2368506,2374134>
<2368675,2368696>
<2369662,2369673>
<2372014,2372015>
<2372959,2372960>
<237386,237387>
<2373867,2373868>
<2373969,2373970>
<2374756,2374757>
<2374757,2388702>
<2374947,2374948>
<2376622,2376623>
<2378929,2378930>
<2379504,2380231>
<2379835,2379836>
<2379862,2379863>
<2379878,2379879>
<2380131,2380132>
<2380513,2381620>
<2380692,2380693>
<2382047,2382048>
<2382277,2382278>
<2382519,2382520>
<2383174,2383175>
<2384433,2384434>
<2384992,2384993>
<2385536,2385537>
<2385784,2385785>
<238634,1455862>
<2387655,2387656>
<2387784,2387785>
<2388511,2388512>
<2390812,2390813>
<2390863,2390864>
<2391077,2391078>
<2393724,2393725>
<239468,239469>
<240087,240088>
<240689,240690>
<241300,454745>
<241789,241790>
<245833,245834>
<247347,344291>
<247566,247567>
<247950,1329038>
<248281,752891>
<248695,248696>
<249254,1110012>
<249370,249371>
<249623,494289>
<250706,250707>
<250765,378545>
<251277,251278>
<251571,421927>
<252321,341585>
<253005,253006>
<253976,253977>
<254641,832988>
<256740,532326>
<257324,257325>
<257326,257327>
<257377,257441>
<257913,257914>
<257943,275890>
<259499,474081>
<259846,259847>
<260201,260202>
<260621,1112684>
<260667,940320>
<260824,397582>
<261283,261284>
<261727,261728>
<261995,1447961>
<262169,262170>
<26273,26274>
<262737,262738>
<263698,466549>
<26377,36838>
<264460,680435>
<264717,769870>
<264806,1109262>
<265012,265013>
<265444,1948732>
<266404,557061>
<267468,267469>
<268398,768279>
<26885,29490>
<26886,381045>
<270561,373111>
<270765,1529994>
<270840,270841>
<270937,270938>
<271594,271595>
<272161,272162>
<272268,1189929>
<272555,816039>
<272897,945323>
<274002,274003>
<275266,275267>
<275411,275412>
<276360,278279>
<276412,375883>
<277304,319738>
<277401,278042>
<277414,277415>
<277589,277590>
<279538,1321344>
<279912,279913>
<280103,1764448>
<28077,28078>
<281999,1645312>
<282963,541664>
<283542,1581388>
<283599,283600>
<284185,284186>
<284526,284527>
<284562,284563>
<286823,2093038>
<286984,762351>
<287500,676980>
<288875,1340168>
<288927,1173461>
<289853,612505>
<290311,886206>
<291161,270262>
<293251,293252>
<293543,293544>
<293578,293579>
<295327,1136040>
<296464,303804>
<296960,296961>
<297692,780401>
<29822,52502>
<298692,298693>
<299729,299730>
<29980,29981>
<300552,300553>
<300564,417208>
<300736,300737>
<30187,64672>
<301964,1679080>
<30261,30444>
<302877,302878>
<302995,302996>
<303391,303392>
<303566,303567>
<304356,304449>
<304520,740524>
<305741,305742>
<305817,305818>
<306376,306377>
<306832,328912>
<307137,307138>
<307232,782564>
<307346,1146044>
<30905,655350>
<310185,310186>
<310558,310559>
<310714,660056>
<311165,311166>
<311485,2009450>
<311501,1262080>
<312347,312348>
<312393,312394>
<314018,314019>
<314341,314342>
<314831,2373960>
<315724,315725>
<316613,316614>
<317133,2346962>
<317266,501331>
<317348,362018>
<319789,677841>
<319861,1542180>
<319946,1597233>
<321399,417350>
<321542,2352774>
<321738,327920>
<322201,1023333>
<322865,337587>
<323568,323569>
<323600,323601>
<32364,401802>
<324135,1172151>
<324326,455938>
<324674,324675>
<324809,738897>
<325497,326429>
<325528,10647>
<325978,325979>
<326549,1939912>
<326933,1539028>
<327840,775581>
<328203,328204>
<328505,328506>
<329526,329527>
<329597,329598>
<330191,548440>
<330199,1796396>
<330673,330674>
<331071,1088606>
<332033,1075590>
<33230,48106>
<332383,83708>
<332412,332413>
<333215,2015945>
<333788,333789>
<334153,334154>
<334372,334373>
<335658,1225501>
<336922,2070053>
<33855,33856>
<339845,520735>
<34084,803114>
<34178,34179>
<341914,436146>
<342189,342190>
<342369,357585>
<344377,367603>
<344905,344906>
<345128,345129>
<345393,641634>
<345773,617366>
<34578,34624>
<346067,347461>
<346852,581106>
<34759,34760>
<348081,2285022>
<348629,732436>
<348978,348979>
<349323,349324>
<349560,349565>
<350472,1975762>
<351008,351009>
<351768,355224>
<351929,2327956>
<352058,352059>
<353520,880626>
<353553,422896>
<353886,353887>
<353952,353953>
<354224,1538243>
<354510,354511>
<354718,354719>
<354896,472901>
<35513,116798>
<355348,1988039>
<355928,355929>
<355991,355992>
<356271,2294030>
<356543,356544>
<356872,356873>
<357958,1838307>
<35818,1000859>
<358217,720419>
<358460,619614>
<359517,359518>
<359572,1041433>
<36014,66486>
<360248,635132>
<360525,1152529>
<360823,360824>
<361649,720461>
<362255,483057>
<363041,385886>
<363198,363199>
<364100,364101>
<364962,1025084>
<365085,365086>
<365455,671906>
<367867,367868>
<367871,1464687>
<370049,370050>
<370973,1546231>
<371763,371764>
<372919,1764769>
<373618,373619>
<373801,609096>
<373979,373980>
<374292,374293>
<375023,375024>
<37523,37524>
<37714,38097>
<377952,2073690>
<378512,378513>
<380415,777229>
<380923,894537>
<38099,154434>
<381059,381060>
<382526,461889>
<382799,623097>
<382996,472075>
<383360,383361>
<383670,384172>
<38414,38448>
<385582,1357603>
<388597,1930633>
<38937,43837>
<390507,963316>
<390923,667622>
<391553,2064900>
<391753,391754>
<392122,1646017>
<392246,1315262>
<392414,445337>
<392889,1326614>
<392928,2392211>
<393712,862028>
<395190,549440>
<395480,1037118>
<396625,396626>
<397112,1124055>
<397238,868006>
<397653,406207>
<397848,397849>
<398529,742985>
<399369,1058526>
<399388,541977>
<400765,1157726>
<401999,404920>
<402953,402954>
<40490,723307>
<405624,405625>
<406887,406888>
<406931,406932>
<408465,408466>
<410262,422006>
<410420,529438>
<410737,541098>
<411350,725263>
<412748,820172>
<413288,413289>
<413946,413947>
<415439,1111587>
<41605,41606>
<416196,419622>
<41677,41678>
<417291,417292>
<417325,417326>
<417811,417812>
<417904,417905>
<419077,1895463>
<420553,420554>
<421089,1939769>
<421601,421602>
<421974,421975>
<422675,422676>
<422830,1221575>
<42447,2322950>
<42456,42457>
<424679,424682>
<425553,775770>
<427296,427297>
<428663,428664>
<429071,429072>
<429131,564303>
<429333,793634>
<430151,430152>
<430274,872762>
<431207,782448>
<43131,613279>
<431546,724592>
<433409,1674338>
<434129,1156867>
<434930,1309127>
<436534,930737>
<437885,1869807>
<43819,45331>
<438355,581711>
<438747,438748>
<43896,1466868>
<439239,439240>
<439357,439358>
<439616,1313328>
<439790,439791>
<44080,45549>
<441937,579061>
<44210,44211>
<44224,44225>
<442300,442301>
<444170,444171>
<444961,444962>
<445430,445431>
<446931,446932>
<446963,1172733>
<447168,495792>
<447257,447258>
<447421,447422>
<447672,460522>
<448534,448535>
<448780,448781>
<449450,1269478>
<450865,691826>
<451047,1136964>
<451535,1396794>
<45295,2379943>
<453312,1025484>
<453380,457577>
<453383,614946>
<453805,1558274>
<454175,454176>
<454547,1356985>
<454663,417241>
<454779,720902>
<455044,1062022>
<455380,455381>
<455466,455467>
<455779,663949>
<455812,455813>
<456588,717716>
<456689,1373508>
<45779,824967>
<458450,458451>
<459322,454888>
<459452,1165560>
<459797,566973>
<460114,460115>
<460177,806543>
<460270,1172881>
<46040,620161>
<460697,460698>
<461650,673547>
<462182,462183>
<462376,871807>
<462477,462478>
<462708,790740>
<464000,1519889>
<464073,464074>
<464685,803817>
<464831,1297477>
<465060,765979>
<465382,465383>
<465481,465482>
<466011,836825>
<466838,1023531>
<467033,781860>
<468045,468046>
<469281,599558>
<469540,478886>
<469600,600053>
<470050,470163>
<470170,699184>
<47063,47064>
<470655,1209370>
<471069,471070>
<471090,471091>
<471775,471776>
<472659,1091284>
<472732,472733>
<47283,47284>
<473243,473244>
<473354,534565>
<473524,473525>
<47359,68266>
<473895,2357773>
<474134,474135>
<474239,474240>
<475103,860621>
<476134,902641>
<476527,1736588>
<476768,873687>
<477487,2289586>
<477893,881844>
<478422,1201119>
<479601,479602>
<481854,564141>
<48233,48234>
<48299,1726337>
<483121,744685>
<483348,483349>
<48388,48389>
<48398,105387>
<484016,1093676>
<484485,929068>
<486362,486363>
<486364,486365>
<486756,486757>
<486822,486823>
<486944,486945>
<48699,1910276>
<487021,487022>
<487094,597140>
<487482,1722767>
<489316,1002792>
<489581,1524906>
<489769,496416>
<489821,489822>
<489862,489863>
<490456,490457>
<490896,490897>
<49212,49213>
<492122,492123>
<492301,492302>
<49240,651980>
<49256,1096361>
<492659,1942878>
<492739,492740>
<494248,832077>
<494974,1476631>
<495026,1752483>
<496153,676303>
<496426,1117051>
<497329,754593>
<497345,497346>
<497679,497680>
<498119,2157318>
<498836,498837>
<498907,498908>
<499078,499079>
<499218,499219>
<499770,499771>
<500271,964534>
<500333,713355>
<500430,680007>
<500820,2045954>
<500828,500829>
<500890,500891>
<501100,501101>
<501341,2112397>
<501864,1602267>
<501990,501991>
<502311,521587>
<502340,502341>
<503147,1091940>
<503236,504535>
<505042,1675018>
<50514,50515>
<505854,505855>
<506249,506250>
<506295,506296>
<507849,744933>
<507879,507880>
<508903,1429047>
<510072,510073>
<511238,1639900>
<511411,1590476>
<511425,511426>
<51289,338575>
<51291,193463>
<513059,1640662>
<513550,561770>
<513580,2007787>
<513873,936295>
<514325,514326>
<514745,1392982>
<515217,553589>
<515712,953259>
<515757,515758>
<515906,520590>
<51651,2004525>
<516599,516600>
<516766,939901>
<517441,1912823>
<517548,517549>
<517823,517824>
<519303,519304>
<519625,519626>
<51966,51967>
<520083,520084>
<520654,520655>
<520669,520670>
<520976,520977>
<521732,521733>
<522259,544519>
<522590,690463>
<522734,522735>
<522757,522758>
<523491,523492>
<523862,46212>
<524072,524073>
<525797,1669673>
<526325,526326>
<526493,550057>
<527041,1418069>
<529216,1763490>
<52943,54526>
<529648,529649>
<529987,533829>
<530129,530130>
<530812,530813>
<531488,531489>
<533123,533124>
<533421,533422>
<53378,53379>
<53407,53408>
<535276,1666458>
<535581,535582>
<535944,934781>
<536213,536214>
<536622,1645199>
<537257,954567>
<537562,547576>
<537879,537880>
<537951,1116326>
<538127,679363>
<538533,581142>
<538627,1995751>
<539869,1015959>
<540342,540343>
<540376,540377>
<540541,540558>
<540970,540971>
<541221,988610>
<541399,541400>
<542220,542221>
<543046,543047>
<546957,1729292>
<547143,1535322>
<548236,548237>
<548581,548582>
<548787,577405>
<549041,1196891>
<549373,546465>
<550396,965243>
<550462,879666>
<551004,551005>
<551650,551651>
<551928,1187737>
<552432,552433>
<55259,621096>
<55260,55261>
<552702,552703>
<552783,2150452>
<552889,712177>
<553397,553398>
<55388,55389>
<553981,553982>
<554004,2259540>
<554815,554816>
<554911,604218>
<555760,555761>
<556528,1750555>
<557012,557013>
<558098,558099>
<558199,1600925>
<558592,558593>
<560032,560033>
<561044,618986>
<562643,987948>
<562873,562874>
<563651,563652>
<565494,594002>
<565925,565926>
<566280,566281>
<566532,566533>
<566715,617897>
<566916,1289263>
<567200,567201>
<567366,567367>
<567568,567569>
<567615,1388235>
<568318,568319>
<568613,2246810>
<568869,568870>
<569186,1993595>
<569452,569453>
<569746,569747>
<570026,1134426>
<570127,1124385>
<570254,570255>
<570492,570493>
<571544,571545>
<572030,1664375>
<572046,954112>
<572174,600374>
<572536,1367304>
<572737,935825>
<572872,1590325>
<574597,574598>
<574605,329113>
<574634,1006422>
<574821,574822>
<575133,700917>
<575751,1352701>
<576619,576620>
<57708,57947>
<578251,733075>
<578449,578450>
<579406,579407>
<57955,1068959>
<579759,579760>
<580478,966542>
<581126,581127>
<581619,617845>
<581826,581827>
<582186,582187>
<582691,1796648>
<583377,583378>
<58360,59720>
<584127,2186750>
<584451,584452>
<584814,584815>
<585578,742176>
<586088,586089>
<587432,699159>
<587612,723281>
<588050,588051>
<588115,987842>
<589085,953378>
<589345,748019>
<589347,1270548>
<589495,2101605>
<589891,589892>
<590089,590090>
<590123,607761>
<59037,910798>
<590893,590894>
<591317,591318>
<591805,591806>
<59192,59193>
<593703,51318>
<594224,1484013>
<594647,619003>
<595096,602028>
<595590,595591>
<597051,1050959>
<597943,2134117>
<598036,598037>
<59835,59836>
<598968,965060>
<599710,2181662>
<599768,599769>
<600144,600145>
<600361,833438>
<600413,600414>
<600975,600976>
<601228,1503214>
<601805,695285>
<601895,835658>
<602532,1679297>
<603121,911311>
<603159,603160>
<603197,603198>
<604289,887418>
<605488,641136>
<605598,605667>
<605815,605816>
<606253,606254>
<606386,1322554>
<607006,913253>
<607275,692986>
<607436,2361809>
<607771,1242953>
<608351,608352>
<608749,1031966>
<609057,1092774>
<609116,623868>
<610065,610066>
<610409,982624>
<610421,610422>
<610448,610449>
<61066,791249>
<611437,611438>
<611768,611769>
<613192,2350320>
<613768,656547>
<613812,618609>
<613873,613874>
<614270,1373581>
<614378,614379>
<614799,779456>
<615045,719668>
<615055,1994821>
<615292,1116494>
<615525,615526>
<616171,1741627>
<616984,616985>
<617117,617118>
<617194,1462485>
<617956,617957>
<618276,618277>
<618765,921604>
<619493,1534972>
<619775,1726994>
<620131,1040186>
<620235,620274>
<620357,620358>
<620613,620614>
<620713,620714>
<620724,620725>
<622354,877403>
<622431,622432>
<62322,89651>
<623770,1463190>
<624193,1930967>
<624568,624569>
<624797,1873637>
<625546,727357>
<626948,628648>
<627048,886828>
<628666,628667>
<629005,678899>
<629052,938202>
<629078,629079>
<629087,629088>
<629123,629124>
<629373,629374>
<629393,629394>
<629459,2342475>
<631348,1196271>
<63162,116727>
<631633,644645>
<63180,63181>
<632531,632532>
<632726,1090080>
<633625,633626>
<633743,633744>
<63398,107873>
<634813,634814>
<635690,635691>
<63608,63609>
<63653,63654>
<637003,848936>
<637641,636476>
<637927,639578>
<638060,638061>
<63885,1952047>
<638875,906045>
<639195,639196>
<639854,639855>
<639999,640000>
<640041,1139409>
<640909,640912>
<641132,641133>
<641985,1578948>
<642712,642713>
<643288,643289>
<643566,1236130>
<645056,645057>
<645098,645099>
<645210,1432035>
<645256,645257>
<645549,986786>
<646060,646061>
<646448,646449>
<647839,1954672>
<649094,1216522>
<650054,650055>
<650560,650561>
<651417,651418>
<651539,651540>
<652310,958818>
<652371,1264103>
<652408,1863447>
<652543,652544>
<652616,1217691>
<653227,2338696>
<654074,1144211>
<655275,655276>
<655565,655566>
<656183,1845995>
<656364,656365>
<65687,1216508>
<656958,656959>
<656964,656965>
<657348,1560576>
<657520,1798266>
<65859,65860>
<659234,659235>
<660121,660122>
<661224,936805>
<662918,1744022>
<662969,662981>
<662982,662983>
<663126,663257>
<663392,891349>
<664551,932027>
<665094,665095>
<665564,665565>
<665569,1614024>
<665733,685458>
<666193,1070065>
<666334,666335>
<666370,666371>
<666526,753207>
<666535,666536>
<666856,666857>
<667942,667943>
<668482,1326284>
<66920,81610>
<669332,858414>
<669453,669454>
<669502,669503>
<670569,1040789>
<67059,559536>
<671098,671099>
<671546,671547>
<672575,1152931>
<672611,672612>
<672894,1430367>
<673216,673217>
<673487,1642606>
<673510,673511>
<673643,673644>
<673830,673831>
<675060,1387479>
<675307,675308>
<675947,679071>
<675955,1009359>
<676860,682803>
<677250,677251>
<67839,69304>
<678891,854270>
<678902,678903>
<678981,678982>
<679365,1108641>
<679498,817584>
<680902,680905>
<681656,681657>
<682063,1656935>
<682155,682156>
<682543,763266>
<682627,682628>
<682990,682991>
<682995,682996>
<683737,714804>
<683784,683785>
<683811,814777>
<684130,684131>
<685649,1318823>
<685885,1357162>
<686067,770696>
<686216,686217>
<686319,686320>
<68642,183611>
<687085,687086>
<687462,687463>
<688886,1062362>
<688913,688914>
<689282,689283>
<689428,1072473>
<689444,689445>
<689497,689498>
<690069,1669160>
<690640,767767>
<691227,691228>
<691312,827873>
<691330,691331>
<692071,692099>
<693089,1792559>
<693312,735939>
<693330,693629>
<694250,729039>
<694386,694387>
<694440,807185>
<695216,695217>
<696174,2154877>
<696590,1685784>
<697003,1814846>
<697136,697137>
<697902,1457410>
<698061,698062>
<698393,698398>
<699794,699795>
<699802,1582254>
<700641,700642>
<70085,453621>
<701313,701314>
<702178,702179>
<702454,702455>
<702472,702473>
<702701,833824>
<703444,703445>
<703636,925997>
<703795,804243>
<704022,704023>
<704353,704354>
<705031,705032>
<705539,705540>
<705905,705906>
<705954,1591500>
<70610,585183>
<707116,854382>
<707378,707379>
<707896,707897>
<709088,709089>
<710351,710352>
<710405,723996>
<710448,710449>
<711294,711295>
<711480,713395>
<71157,76571>
<71165,641598>
<712299,1176143>
<712418,1641991>
<712792,712793>
<713215,1465218>
<713301,1554805>
<713345,713346>
<713707,2131416>
<713714,1334926>
<714451,714505>
<715635,715636>
<716104,723345>
<716349,923387>
<716842,716843>
<716927,716928>
<716976,716977>
<717474,717475>
<717720,717721>
<717779,801351>
<717809,717820>
<717824,717825>
<718087,718402>
<718768,718769>
<71886,72061>
<719175,719176>
<719573,958033>
<719631,719632>
<719723,719807>
<719806,731564>
<719969,1708669>
<720917,720918>
<72103,517639>
<721209,721210>
<721538,487780>
<721879,721880>
<722182,722183>
<722289,763884>
<722959,722960>
<723393,723394>
<723446,750616>
<723973,723974>
<724109,724110>
<724319,724320>
<724379,724380>
<724528,724529>
<725623,2137827>
<725787,1544302>
<726574,726575>
<727519,987807>
<728216,728217>
<729948,791225>
<730127,730128>
<730397,730398>
<730486,730487>
<730495,730544>
<730854,770257>
<730973,730974>
<731512,731513>
<731524,731525>
<731656,731657>
<73187,87860>
<73203,175193>
<732211,1063886>
<732222,732223>
<73227,932016>
<732379,1766485>
<732428,732429>
<732615,732616>
<73295,73296>
<733513,733514>
<733597,786632>
<73428,303344>
<734403,1265458>
<734489,734490>
<735026,764629>
<735229,735230>
<735275,735276>
<735379,1299406>
<735538,735539>
<735592,735593>
<736664,736665>
<736679,1757476>
<736700,736701>
<736905,736906>
<737356,739288>
<737468,737469>
<737834,737835>
<737903,737904>
<738091,738092>
<73828,346077>
<738468,738469>
<738712,738713>
<738756,1876046>
<739062,739063>
<739115,739116>
<73915,196346>
<739470,739471>
<740683,740684>
<741351,1074665>
<741432,741433>
<741440,741441>
<742103,742104>
<742241,959251>
<742282,742283>
<742911,1664290>
<742917,742918>
<743017,743018>
<743778,994740>
<744406,1296306>
<744527,744528>
<744646,744647>
<744862,744863>
<744955,744956>
<745023,745024>
<745109,745110>
<745187,745188>
<745239,745240>
<74537,97364>
<745396,745397>
<745695,637641>
<745738,832576>
<745767,1271342>
<74591,645535>
<746527,746528>
<746767,881939>
<747130,747131>
<747476,747477>
<748572,2355443>
<748686,748708>
<749022,749023>
<749851,782477>
<750433,750434>
<751297,964274>
<751724,795466>
<752156,752157>
<752398,752399>
<752917,752918>
<752936,752937>
<754513,1568166>
<75478,75930>
<755629,757140>
<756602,1123868>
<756900,1242641>
<757289,757290>
<757530,757531>
<757708,757709>
<758899,2314597>
<759052,759053>
<759538,759539>
<760243,1660819>
<760749,760750>
<761386,761387>
<762338,762339>
<762401,762402>
<762510,1208865>
<762525,762526>
<762685,762686>
<763132,851558>
<763229,763230>
<763315,1367355>
<763576,1641855>
<763708,764635>
<764014,764815>
<764050,840968>
<764164,764196>
<764242,764786>
<764427,764428>
<764552,764553>
<764580,764581>
<764671,1292558>
<764976,764977>
<766166,766241>
<766265,1405124>
<766352,830195>
<766493,766494>
<767228,767229>
<76723,78752>
<767587,767588>
<76761,1422240>
<768000,1731258>
<76815,97198>
<768201,768202>
<768859,768860>
<768913,1386924>
<769944,769945>
<770037,770038>
<770114,770115>
<770376,770377>
<770449,770450>
<770732,913495>
<77096,77097>
<771708,1452787>
<771791,771792>
<771993,871363>
<772208,800740>
<772741,772742>
<773267,773268>
<773392,780705>
<773470,1290790>
<774086,958638>
<77436,77437>
<774975,774976>
<775510,7778>
<775894,775895>
<775908,775909>
<776119,776120>
<776163,776164>
<776534,776535>
<777080,777081>
<777182,801472>
<777226,777227>
<777902,1128970>
<777936,777937>
<778107,778108>
<778291,1407702>
<778486,1396969>
<778927,778928>
<778963,778964>
<779256,1098629>
<779426,779427>
<779663,1082814>
<780189,780190>
<780409,780410>
<780439,1852217>
<780610,780611>
<781671,802402>
<781720,782065>
<781770,781771>
<782195,1169565>
<782451,782452>
<78248,79915>
<782498,782499>
<782605,2109018>
<783113,787903>
<783529,1077028>
<783617,783618>
<784005,1959577>
<784398,784399>
<784788,784789>
<784931,786207>
<785767,785768>
<786142,786143>
<78615,78616>
<786193,900302>
<786302,1872768>
<786716,1002470>
<787084,805538>
<787155,787156>
<787295,787296>
<787374,787375>
<787981,787982>
<788260,788261>
<788697,1294361>
<788933,788934>
<789249,802066>
<789516,1199349>
<789554,789555>
<789740,789741>
<790872,790873>
<791409,791410>
<791435,2373064>
<791691,891010>
<791877,791878>
<791913,939721>
<792642,992465>
<792749,1776304>
<792854,792855>
<793530,793531>
<79367,81353>
<793952,793953>
<794198,2058375>
<794228,794229>
<79490,1330228>
<794979,794980>
<795073,795074>
<795200,795201>
<795250,1090036>
<795644,953128>
<79572,455431>
<796250,796251>
<797235,797236>
<797705,1286315>
<797804,797805>
<798097,896108>
<798409,798410>
<798701,1443985>
<799022,799023>
<799137,799138>
<799153,799154>
<799498,1781092>
<799537,799538>
<799739,799740>
<799785,2194086>
<799961,799962>
<80127,1532030>
<801363,447170>
<801390,749022>
<801530,2132264>
<801804,801805>
<802078,1107104>
<802364,1039931>
<802851,821884>
<802871,802872>
<802969,1314263>
<803211,862461>
<803382,803383>
<80339,1452336>
<80346,1646461>
<803917,803918>
<804407,804408>
<804567,804568>
<804595,804596>
<804992,206435>
<805002,805003>
<805083,1754586>
<805107,805108>
<80539,80540>
<806068,806069>
<806698,927938>
<806874,806875>
<80723,160660>
<807335,807336>
<807719,807720>
<807794,822336>
<80792,324766>
<808116,1947644>
<808133,808134>
<808220,808221>
<808365,808367>
<808883,808884>
<809128,1394614>
<809160,2176241>
<809312,809313>
<809455,809456>
<810602,810603>
<811363,811364>
<811771,1818423>
<811914,811915>
<812289,812290>
<812428,812429>
<812772,1438448>
<812851,812852>
<812956,812957>
<813746,913051>
<813928,813929>
<813979,813980>
<814067,815241>
<814868,814943>
<815289,871262>
<816364,816365>
<816385,816386>
<816958,816959>
<816971,816972>
<817202,1504973>
<817242,1633100>
<817412,817413>
<817547,841858>
<817568,1816483>
<817650,939985>
<81783,81784>
<818121,818122>
<818684,818685>
<819006,819007>
<819079,826096>
<819186,819187>
<819423,819424>
<819542,819543>
<819570,1511393>
<820220,1760853>
<820718,820719>
<820782,820783>
<820827,1351602>
<820919,646462>
<821209,821210>
<821548,843040>
<821616,821617>
<821702,863757>
<821815,821816>
<821916,2157024>
<821964,822476>
<823691,823692>
<823873,823874>
<823878,1681710>
<824839,824840>
<825225,825226>
<825327,825328>
<825412,871482>
<825830,1457626>
<826052,1094299>
<82634,1454412>
<826444,826445>
<82670,83103>
<827065,827066>
<827566,827567>
<827836,827837>
<828341,828342>
<829416,829417>
<829469,829470>
<829527,829528>
<829889,829890>
<830560,830561>
<830974,830975>
<83175,83799>
<832011,832012>
<832145,869675>
<832339,17881>
<832513,832514>
<832716,832717>
<832811,832812>
<833060,833061>
<833812,833832>
<833987,2290017>
<835153,835154>
<835597,835598>
<836006,2060644>
<836103,836104>
<836465,836466>
<836789,836790>
<837139,837140>
<837294,837295>
<837313,1986683>
<837396,837397>
<837510,837511>
<837583,837584>
<837757,821030>
<837847,837848>
<838101,838102>
<838543,838544>
<838651,838652>
<838694,1075565>
<838839,852727>
<839166,839167>
<839277,839278>
<839755,1026933>
<839806,839807>
<83984,802212>
<83990,320981>
<840281,840282>
<841141,1706801>
<841937,841938>
<842362,842363>
<842715,1341228>
<842770,857195>
<842796,842797>
<843041,843060>
<843648,2381617>
<843979,843980>
<844180,851189>
<844471,844472>
<844686,844687>
<844794,844795>
<845038,845039>
<845380,845381>
<845466,959929>
<845678,1049133>
<845994,845995>
<846043,846044>
<846066,846067>
<847258,913106>
<847455,847456>
<847567,847568>
<847878,847879>
<848397,1870836>
<8484,1142383>
<848687,848688>
<84969,86514>
<849696,849697>
<85007,1095038>
<850144,850145>
<850831,850832>
<851024,851025>
<851086,851087>
<851370,851371>
<851824,851825>
<851995,851996>
<852153,852154>
<853075,853076>
<853348,853349>
<853393,853394>
<853492,853493>
<853803,853804>
<855299,855300>
<85530,85531>
<855400,855401>
<856012,856013>
<856531,856532>
<856748,992059>
<856803,1011600>
<857505,857506>
<857704,857705>
<858924,858925>
<859087,859088>
<859168,2229908>
<859265,859266>
<860171,860172>
<860267,864371>
<86044,86043>
<860563,860564>
<860986,860987>
<861064,861065>
<861099,861100>
<861180,861181>
<861184,861185>
<86120,86121>
<861265,861266>
<861706,861707>
<861882,983069>
<861966,861967>
<862194,1160531>
<862313,862314>
<862939,862940>
<863255,945284>
<863290,1019425>
<864496,1008163>
<86539,1638364>
<86574,86575>
<866191,917308>
<866363,905222>
<866777,866778>
<866836,866839>
<867245,867246>
<867301,867302>
<867410,899766>
<867715,867716>
<86789,1602160>
<868826,868827>
<86887,86888>
<869534,869535>
<869612,869613>
<870430,1256560>
<871294,1103811>
<871525,871526>
<871587,1312954>
<872393,1321229>
<87276,87277>
<872835,872836>
<87308,87309>
<873162,1216426>
<873196,939876>
<873209,873210>
<873475,873476>
<873716,523313>
<873755,873756>
<873959,873960>
<874603,2125004>
<875147,875148>
<875171,875172>
<875233,875234>
<87561,88118>
<875933,886194>
<876353,876354>
<876459,876460>
<876608,170525>
<877308,996330>
<877380,1260659>
<878285,878286>
<878427,878428>
<878999,879000>
<879265,879291>
<879677,879678>
<879914,879915>
<879997,1069284>
<880318,880319>
<880333,880334>
<881580,881581>
<881990,881991>
<881997,1784917>
<882100,882101>
<88250,444205>
<882581,1520167>
<882705,882706>
<882833,882834>
<882947,882948>
<882977,882978>
<883120,883121>
<883781,883782>
<884185,1189973>
<884352,884353>
<884371,884372>
<885408,885409>
<885418,885419>
<885935,901549>
<886151,886152>
<886161,886162>
<88623,394486>
<886353,1118571>
<886815,886816>
<887374,887375>
<887831,887832>
<888571,1239614>
<888887,888888>
<888998,956916>
<889304,1772896>
<889531,903641>
<89003,314999>
<890661,890662>
<891633,891634>
<891821,911053>
<892142,892143>
<892281,892282>
<892296,892297>
<892327,2290907>
<893032,893033>
<893532,893533>
<895122,895123>
<895590,895591>
<895672,1039495>
<896675,896676>
<896838,896839>
<89758,89759>
<89781,97617>
<898105,898106>
<898718,898719>
<898783,898784>
<898997,898998>
<899516,934390>
<89968,128200>
<899927,899928>
<900019,900020>
<900133,900134>
<900366,900367>
<901558,901559>
<901943,1198294>
<902201,902202>
<903051,903052>
<903235,903236>
<903315,1316836>
<90333,585014>
<904083,904161>
<904268,904269>
<904339,904378>
<905035,905036>
<905078,905079>
<905554,905555>
<906248,1070798>
<906549,906550>
<906584,1106171>
<906723,2133079>
<906961,906962>
<907189,907190>
<907515,907516>
<907703,907704>
<90801,133014>
<908032,908033>
<908428,947346>
<909073,909074>
<9105,28876>
<910820,1631579>
<911237,911238>
<911282,911283>
<911947,911948>
<912105,912106>
<912112,1195940>
<91222,806624>
<912972,912973>
<913030,913031>
<913508,1220655>
<91375,774848>
<914220,1134898>
<914978,914979>
<915774,915775>
<916292,916293>
<916310,916311>
<917235,1163564>
<917251,917252>
<917429,917430>
<918342,918343>
<918616,1062586>
<919197,922800>
<919534,1128919>
<919554,1727589>
<919836,921347>
<919958,919959>
<920083,920084>
<92049,92050>
<920955,927757>
<922413,922414>
<922854,952066>
<922864,1784220>
<923151,923152>
<923220,1009403>
<923253,923254>
<923303,923304>
<923675,945381>
<923804,1424482>
<924502,924503>
<924557,924558>
<925180,925181>
<926168,926169>
<92796,92797>
<928932,928933>
<929404,1059537>
<930336,930337>
<930405,1092756>
<932310,932311>
<93232,125486>
<93234,93235>
<933126,933127>
<933134,1065666>
<933951,933952>
<93413,372272>
<93450,93451>
<935059,935060>
<93539,93540>
<935460,1603588>
<935790,935791>
<936365,936366>
<936570,936571>
<936732,936733>
<936755,936756>
<937215,937216>
<938384,938385>
<938639,1280803>
<939665,939666>
<940040,940041>
<940387,940388>
<940582,960035>
<940736,1115552>
<940903,1454665>
<941155,941156>
<941282,1001204>
<941342,941343>
<942082,942157>
<942125,942126>
<94245,130041>
<942862,942863>
<942881,942883>
<943244,943245>
<943415,945978>
<944070,1062684>
<945037,984620>
<945220,1769622>
<945589,945590>
<945614,945615>
<945855,945856>
<946391,946392>
<946578,946579>
<946991,946992>
<947176,947177>
<947261,891059>
<947366,948566>
<947428,947429>
<947550,947551>
<948156,948157>
<948285,1294268>
<949061,949062>
<94908,104878>
<949091,949092>
<950315,950316>
<950559,950560>
<951285,951286>
<951379,994937>
<951937,951938>
<952030,952031>
<953064,953065>
<953280,953281>
<953417,953418>
<953445,953446>
<954025,954026>
<954364,954365>
<95439,111891>
<954952,1089065>
<955256,1397401>
<955419,982842>
<955480,955481>
<955485,955486>
<955549,955550>
<956120,956121>
<956183,956184>
<956346,2003889>
<956444,1232490>
<956556,956557>
<956562,956563>
<956633,956634>
<956654,956655>
<956989,956992>
<957586,957587>
<958712,958713>
<958844,1306700>
<959517,1202156>
<960052,960053>
<960113,960114>
<961435,967677>
<961476,961477>
<961560,1694089>
<962267,962268>
<962847,962848>
<96308,155666>
<963294,963295>
<963548,1164678>
<963681,982047>
<963734,963735>
<964203,964204>
<964222,964223>
<964352,1341784>
<964823,964824>
<965173,965174>
<965212,965213>
<966782,966783>
<966865,966866>
<966971,1073078>
<968121,968122>
<968235,1062940>
<968706,969840>
<968865,968866>
<968891,968892>
<968993,968994>
<969255,969256>
<969739,969740>
<970653,970654>
<97104,97105>
<971278,971279>
<971737,1034890>
<971971,971972>
<972056,1426557>
<972288,972289>
<972496,972497>
<972725,1232300>
<97279,97280>
<973017,973018>
<973398,973399>
<974215,974216>
<97435,131264>
<974406,974407>
<974735,974736>
<975046,975047>
<975417,975423>
<975472,975473>
<975601,975602>
<975901,975902>
<975962,975963>
<976465,1480913>
<977565,977566>
<978097,978098>
<978123,978124>
<978178,978179>
<978777,978778>
<979444,979445>
<979460,979461>
<979485,1796359>
<97999,98000>
<980042,980043>
<980824,982946>
<981617,981618>
<982469,982470>
<982472,982473>
<982483,982484>
<983164,1662407>
<983196,983197>
<983258,1088637>
<983282,983283>
<983331,983332>
<984132,984133>
<984148,984149>
<984196,984197>
<984233,984234>
<984688,717993>
<984772,984773>
<98491,102108>
<985965,1250624>
<98601,98602>
<986010,669627>
<987434,987435>
<987506,987507>
<988298,988299>
<988482,988483>
<988693,988694>
<988915,1044935>
<988996,988997>
<989125,989126>
<989152,989153>
<989261,989262>
<989428,1095479>
<989932,1511592>
<990219,1255756>
<990988,990989>
<99099,99100>
<991031,1037373>
<991640,991641>
<991758,1079929>
<992099,992100>
<992121,992122>
<992202,992203>
<993039,1034724>
<993275,1047507>
<994248,994249>
<994648,994649>
<994924,995940>
<996059,996060>
<997299,997300>
<997418,997419>
<997572,1121323>
<997600,997601>
<998295,998296>
<998310,998311>
<998981,998982>
<999198,999199>
